[0.023s] Invoking command in '/ros2_ws/openarm_ros2/build/openarm': AMENT_PREFIX_PATH=/ros2_ws/openarm_ros2/install/openarm_bringup:/ros2_ws/openarm_ros2/install/openarm_bimanual_moveit_config:/ros2_ws/openarm_ros2/install/openarm_hardware:/ros2_ws/openarm_ros2/install/openarm_description:${AMENT_PREFIX_PATH} CMAKE_PREFIX_PATH=/ros2_ws/openarm_ros2/install/openarm_bringup:/ros2_ws/openarm_ros2/install/openarm_bimanual_moveit_config:/ros2_ws/openarm_ros2/install/openarm_hardware:/ros2_ws/openarm_ros2/install/openarm_description:/opt/ros/humble LD_LIBRARY_PATH=/ros2_ws/openarm_ros2/install/openarm_hardware/lib:${LD_LIBRARY_PATH} /usr/bin/cmake /ros2_ws/openarm_ros2/openarm -DAMENT_CMAKE_SYMLINK_INSTALL=1 -DCMAKE_INSTALL_PREFIX=/ros2_ws/openarm_ros2/install/openarm
[0.159s] -- The C compiler identification is GNU 11.4.0
[0.304s] -- The CXX compiler identification is GNU 11.4.0
[0.315s] -- Detecting C compiler ABI info
[0.486s] -- Detecting C compiler ABI info - done
[0.497s] -- Check for working C compiler: /usr/bin/cc - skipped
[0.498s] -- Detecting C compile features
[0.499s] -- Detecting C compile features - done
[0.503s] -- Detecting CXX compiler ABI info
[0.671s] -- Detecting CXX compiler ABI info - done
[0.682s] -- Check for working CXX compiler: /usr/bin/c++ - skipped
[0.683s] -- Detecting CXX compile features
[0.683s] -- Detecting CXX compile features - done
[0.688s] -- Found ament_cmake: 1.3.14 (/opt/ros/humble/share/ament_cmake/cmake)
[1.008s] -- Found Python3: /usr/bin/python3 (found version "3.10.12") found components: Interpreter 
[1.150s] -- Override CMake install command with custom implementation using symlinks instead of copying resources
[1.329s] -- Configuring done
[1.333s] -- Generating done
[1.336s] -- Build files have been written to: /ros2_ws/openarm_ros2/build/openarm
[1.348s] Invoked command in '/ros2_ws/openarm_ros2/build/openarm' returned '0': AMENT_PREFIX_PATH=/ros2_ws/openarm_ros2/install/openarm_bringup:/ros2_ws/openarm_ros2/install/openarm_bimanual_moveit_config:/ros2_ws/openarm_ros2/install/openarm_hardware:/ros2_ws/openarm_ros2/install/openarm_description:${AMENT_PREFIX_PATH} CMAKE_PREFIX_PATH=/ros2_ws/openarm_ros2/install/openarm_bringup:/ros2_ws/openarm_ros2/install/openarm_bimanual_moveit_config:/ros2_ws/openarm_ros2/install/openarm_hardware:/ros2_ws/openarm_ros2/install/openarm_description:/opt/ros/humble LD_LIBRARY_PATH=/ros2_ws/openarm_ros2/install/openarm_hardware/lib:${LD_LIBRARY_PATH} /usr/bin/cmake /ros2_ws/openarm_ros2/openarm -DAMENT_CMAKE_SYMLINK_INSTALL=1 -DCMAKE_INSTALL_PREFIX=/ros2_ws/openarm_ros2/install/openarm
[1.352s] Invoking command in '/ros2_ws/openarm_ros2/build/openarm': AMENT_PREFIX_PATH=/ros2_ws/openarm_ros2/install/openarm_bringup:/ros2_ws/openarm_ros2/install/openarm_bimanual_moveit_config:/ros2_ws/openarm_ros2/install/openarm_hardware:/ros2_ws/openarm_ros2/install/openarm_description:${AMENT_PREFIX_PATH} CMAKE_PREFIX_PATH=/ros2_ws/openarm_ros2/install/openarm_bringup:/ros2_ws/openarm_ros2/install/openarm_bimanual_moveit_config:/ros2_ws/openarm_ros2/install/openarm_hardware:/ros2_ws/openarm_ros2/install/openarm_description:/opt/ros/humble LD_LIBRARY_PATH=/ros2_ws/openarm_ros2/install/openarm_hardware/lib:${LD_LIBRARY_PATH} /usr/bin/cmake --build /ros2_ws/openarm_ros2/build/openarm -- -j8 -l8
[1.446s] Invoked command in '/ros2_ws/openarm_ros2/build/openarm' returned '0': AMENT_PREFIX_PATH=/ros2_ws/openarm_ros2/install/openarm_bringup:/ros2_ws/openarm_ros2/install/openarm_bimanual_moveit_config:/ros2_ws/openarm_ros2/install/openarm_hardware:/ros2_ws/openarm_ros2/install/openarm_description:${AMENT_PREFIX_PATH} CMAKE_PREFIX_PATH=/ros2_ws/openarm_ros2/install/openarm_bringup:/ros2_ws/openarm_ros2/install/openarm_bimanual_moveit_config:/ros2_ws/openarm_ros2/install/openarm_hardware:/ros2_ws/openarm_ros2/install/openarm_description:/opt/ros/humble LD_LIBRARY_PATH=/ros2_ws/openarm_ros2/install/openarm_hardware/lib:${LD_LIBRARY_PATH} /usr/bin/cmake --build /ros2_ws/openarm_ros2/build/openarm -- -j8 -l8
[1.449s] Invoking command in '/ros2_ws/openarm_ros2/build/openarm': AMENT_PREFIX_PATH=/ros2_ws/openarm_ros2/install/openarm_bringup:/ros2_ws/openarm_ros2/install/openarm_bimanual_moveit_config:/ros2_ws/openarm_ros2/install/openarm_hardware:/ros2_ws/openarm_ros2/install/openarm_description:${AMENT_PREFIX_PATH} CMAKE_PREFIX_PATH=/ros2_ws/openarm_ros2/install/openarm_bringup:/ros2_ws/openarm_ros2/install/openarm_bimanual_moveit_config:/ros2_ws/openarm_ros2/install/openarm_hardware:/ros2_ws/openarm_ros2/install/openarm_description:/opt/ros/humble LD_LIBRARY_PATH=/ros2_ws/openarm_ros2/install/openarm_hardware/lib:${LD_LIBRARY_PATH} /usr/bin/cmake --install /ros2_ws/openarm_ros2/build/openarm
[1.463s] -- Install configuration: ""
[1.464s] -- Execute custom install script
[1.465s] -- Symlinking: /ros2_ws/openarm_ros2/install/openarm/share/ament_index/resource_index/package_run_dependencies/openarm
[1.483s] -- Symlinking: /ros2_ws/openarm_ros2/install/openarm/share/ament_index/resource_index/parent_prefix_path/openarm
[1.501s] -- Symlinking: /ros2_ws/openarm_ros2/install/openarm/share/openarm/environment/ament_prefix_path.sh
[1.521s] -- Symlinking: /ros2_ws/openarm_ros2/install/openarm/share/openarm/environment/ament_prefix_path.dsv
[1.537s] -- Symlinking: /ros2_ws/openarm_ros2/install/openarm/share/openarm/environment/path.sh
[1.553s] -- Symlinking: /ros2_ws/openarm_ros2/install/openarm/share/openarm/environment/path.dsv
[1.570s] -- Symlinking: /ros2_ws/openarm_ros2/install/openarm/share/openarm/local_setup.bash
[1.587s] -- Symlinking: /ros2_ws/openarm_ros2/install/openarm/share/openarm/local_setup.sh
[1.617s] -- Symlinking: /ros2_ws/openarm_ros2/install/openarm/share/openarm/local_setup.zsh
[1.633s] -- Symlinking: /ros2_ws/openarm_ros2/install/openarm/share/openarm/local_setup.dsv
[1.650s] -- Symlinking: /ros2_ws/openarm_ros2/install/openarm/share/openarm/package.dsv
[1.667s] -- Symlinking: /ros2_ws/openarm_ros2/install/openarm/share/ament_index/resource_index/packages/openarm
[1.683s] -- Symlinking: /ros2_ws/openarm_ros2/install/openarm/share/openarm/cmake/openarmConfig.cmake
[1.712s] -- Symlinking: /ros2_ws/openarm_ros2/install/openarm/share/openarm/cmake/openarmConfig-version.cmake
[1.744s] -- Symlinking: /ros2_ws/openarm_ros2/install/openarm/share/openarm/package.xml
[1.773s] Invoked command in '/ros2_ws/openarm_ros2/build/openarm' returned '0': AMENT_PREFIX_PATH=/ros2_ws/openarm_ros2/install/openarm_bringup:/ros2_ws/openarm_ros2/install/openarm_bimanual_moveit_config:/ros2_ws/openarm_ros2/install/openarm_hardware:/ros2_ws/openarm_ros2/install/openarm_description:${AMENT_PREFIX_PATH} CMAKE_PREFIX_PATH=/ros2_ws/openarm_ros2/install/openarm_bringup:/ros2_ws/openarm_ros2/install/openarm_bimanual_moveit_config:/ros2_ws/openarm_ros2/install/openarm_hardware:/ros2_ws/openarm_ros2/install/openarm_description:/opt/ros/humble LD_LIBRARY_PATH=/ros2_ws/openarm_ros2/install/openarm_hardware/lib:${LD_LIBRARY_PATH} /usr/bin/cmake --install /ros2_ws/openarm_ros2/build/openarm
