[0.017s] Invoking command in '/ros2_ws/openarm_ros2/build/openarm_hardware': CMAKE_PREFIX_PATH=/opt/ros/humble /usr/bin/cmake /ros2_ws/openarm_ros2/openarm_hardware -DAMENT_CMAKE_SYMLINK_INSTALL=1 -DCMAKE_INSTALL_PREFIX=/ros2_ws/openarm_ros2/install/openarm_hardware
[0.622s] -- The C compiler identification is GNU 11.4.0
[1.008s] -- The CXX compiler identification is GNU 11.4.0
[1.047s] -- Detecting C compiler ABI info
[1.264s] -- Detecting C compiler ABI info - done
[1.303s] -- Check for working C compiler: /usr/bin/cc - skipped
[1.304s] -- Detecting C compile features
[1.307s] -- Detecting C compile features - done
[1.323s] -- Detecting CXX compiler ABI info
[1.549s] -- Detecting CXX compiler ABI info - done
[1.589s] -- Check for working CXX compiler: /usr/bin/c++ - skipped
[1.590s] -- Detecting CXX compile features
[1.591s] -- Detecting CXX compile features - done
[1.596s] -- Found ament_cmake: 1.3.14 (/opt/ros/humble/share/ament_cmake/cmake)
[1.932s] -- Found Python3: /usr/bin/python3 (found version "3.10.12") found components: Interpreter 
[2.082s] -- Override CMake install command with custom implementation using symlinks instead of copying resources
[2.160s] -- Found hardware_interface: 2.54.0 (/opt/ros/humble/share/hardware_interface/cmake)
[2.262s] -- Found rosidl_generator_c: 3.1.8 (/opt/ros/humble/share/rosidl_generator_c/cmake)
[2.276s] -- Found rosidl_adapter: 3.1.8 (/opt/ros/humble/share/rosidl_adapter/cmake)
[2.303s] -- Found rosidl_generator_cpp: 3.1.8 (/opt/ros/humble/share/rosidl_generator_cpp/cmake)
[2.335s] -- Using all available rosidl_typesupport_c: rosidl_typesupport_fastrtps_c;rosidl_typesupport_introspection_c
[2.375s] -- Using all available rosidl_typesupport_cpp: rosidl_typesupport_fastrtps_cpp;rosidl_typesupport_introspection_cpp
[2.885s] -- Found rmw_implementation_cmake: 6.1.2 (/opt/ros/humble/share/rmw_implementation_cmake/cmake)
[2.893s] -- Found rmw_fastrtps_cpp: 6.2.10 (/opt/ros/humble/share/rmw_fastrtps_cpp/cmake)
[2.960s] -- Found TinyXML2 via Config file: TinyXML2_DIR-NOTFOUND
[3.115s] -- Found OpenSSL: /usr/lib/aarch64-linux-gnu/libcrypto.so (found version "3.0.2")  
[3.121s] -- Found TinyXML2 via Config file: TinyXML2_DIR-NOTFOUND
[3.145s] -- Found FastRTPS: /opt/ros/humble/include  
[3.151s] -- Found TinyXML2 via Config file: TinyXML2_DIR-NOTFOUND
[3.169s] -- Found TinyXML2 via Config file: TinyXML2_DIR-NOTFOUND
[3.190s] -- Using RMW implementation 'rmw_fastrtps_cpp' as default
[3.217s] -- Looking for pthread.h
[3.424s] -- Looking for pthread.h - found
[3.425s] -- Performing Test CMAKE_HAVE_LIBC_PTHREAD
[3.652s] -- Performing Test CMAKE_HAVE_LIBC_PTHREAD - Success
[3.654s] -- Found Threads: TRUE  
[3.913s] -- Configuring done
[3.942s] -- Generating done
[3.950s] -- Build files have been written to: /ros2_ws/openarm_ros2/build/openarm_hardware
[3.976s] Invoked command in '/ros2_ws/openarm_ros2/build/openarm_hardware' returned '0': CMAKE_PREFIX_PATH=/opt/ros/humble /usr/bin/cmake /ros2_ws/openarm_ros2/openarm_hardware -DAMENT_CMAKE_SYMLINK_INSTALL=1 -DCMAKE_INSTALL_PREFIX=/ros2_ws/openarm_ros2/install/openarm_hardware
[3.979s] Invoking command in '/ros2_ws/openarm_ros2/build/openarm_hardware': CMAKE_PREFIX_PATH=/opt/ros/humble /usr/bin/cmake --build /ros2_ws/openarm_ros2/build/openarm_hardware -- -j8 -l8
[4.130s] [ 50%] Building CXX object CMakeFiles/openarm_hardware.dir/src/openarm_simple_hardware.cpp.o
[13.314s] [100%] Linking CXX shared library libopenarm_hardware.so
[13.961s] [100%] Built target openarm_hardware
[13.983s] Invoked command in '/ros2_ws/openarm_ros2/build/openarm_hardware' returned '0': CMAKE_PREFIX_PATH=/opt/ros/humble /usr/bin/cmake --build /ros2_ws/openarm_ros2/build/openarm_hardware -- -j8 -l8
[13.987s] Invoking command in '/ros2_ws/openarm_ros2/build/openarm_hardware': CMAKE_PREFIX_PATH=/opt/ros/humble /usr/bin/cmake --install /ros2_ws/openarm_ros2/build/openarm_hardware
[14.002s] -- Install configuration: ""
[14.003s] -- Execute custom install script
[14.003s] -- Symlinking: /ros2_ws/openarm_ros2/install/openarm_hardware/share/openarm_hardware//openarm_hardware.xml
[14.021s] -- Symlinking: /ros2_ws/openarm_ros2/install/openarm_hardware/lib/libopenarm_hardware.so
[14.041s] -- Symlinking: /ros2_ws/openarm_ros2/install/openarm_hardware/include/openarm_hardware/openarm_simple_hardware.hpp
[14.058s] -- Symlinking: /ros2_ws/openarm_ros2/install/openarm_hardware/include/openarm_hardware/visibility_control.h
[14.076s] -- Symlinking: /ros2_ws/openarm_ros2/install/openarm_hardware/share/openarm_hardware/environment/library_path.sh
[14.107s] -- Symlinking: /ros2_ws/openarm_ros2/install/openarm_hardware/share/openarm_hardware/environment/library_path.dsv
[14.138s] -- Symlinking: /ros2_ws/openarm_ros2/install/openarm_hardware/share/ament_index/resource_index/package_run_dependencies/openarm_hardware
[14.155s] -- Symlinking: /ros2_ws/openarm_ros2/install/openarm_hardware/share/ament_index/resource_index/parent_prefix_path/openarm_hardware
[14.187s] -- Symlinking: /ros2_ws/openarm_ros2/install/openarm_hardware/share/openarm_hardware/environment/ament_prefix_path.sh
[14.203s] -- Symlinking: /ros2_ws/openarm_ros2/install/openarm_hardware/share/openarm_hardware/environment/ament_prefix_path.dsv
[14.234s] -- Symlinking: /ros2_ws/openarm_ros2/install/openarm_hardware/share/openarm_hardware/environment/path.sh
[14.263s] -- Symlinking: /ros2_ws/openarm_ros2/install/openarm_hardware/share/openarm_hardware/environment/path.dsv
[14.279s] -- Symlinking: /ros2_ws/openarm_ros2/install/openarm_hardware/share/openarm_hardware/local_setup.bash
[14.310s] -- Symlinking: /ros2_ws/openarm_ros2/install/openarm_hardware/share/openarm_hardware/local_setup.sh
[14.326s] -- Symlinking: /ros2_ws/openarm_ros2/install/openarm_hardware/share/openarm_hardware/local_setup.zsh
[14.358s] -- Symlinking: /ros2_ws/openarm_ros2/install/openarm_hardware/share/openarm_hardware/local_setup.dsv
[14.387s] -- Symlinking: /ros2_ws/openarm_ros2/install/openarm_hardware/share/openarm_hardware/package.dsv
[14.403s] -- Symlinking: /ros2_ws/openarm_ros2/install/openarm_hardware/share/ament_index/resource_index/packages/openarm_hardware
[14.444s] -- Symlinking: /ros2_ws/openarm_ros2/install/openarm_hardware/share/ament_index/resource_index/hardware_interface__pluginlib__plugin/openarm_hardware
[14.476s] -- Symlinking: /ros2_ws/openarm_ros2/install/openarm_hardware/share/openarm_hardware/cmake/ament_cmake_export_include_directories-extras.cmake
[14.506s] -- Symlinking: /ros2_ws/openarm_ros2/install/openarm_hardware/share/openarm_hardware/cmake/ament_cmake_export_libraries-extras.cmake
[14.536s] -- Symlinking: /ros2_ws/openarm_ros2/install/openarm_hardware/share/openarm_hardware/cmake/ament_cmake_export_dependencies-extras.cmake
[14.552s] -- Symlinking: /ros2_ws/openarm_ros2/install/openarm_hardware/share/openarm_hardware/cmake/openarm_hardwareConfig.cmake
[14.581s] -- Symlinking: /ros2_ws/openarm_ros2/install/openarm_hardware/share/openarm_hardware/cmake/openarm_hardwareConfig-version.cmake
[14.610s] -- Symlinking: /ros2_ws/openarm_ros2/install/openarm_hardware/share/openarm_hardware/package.xml
[14.631s] Invoked command in '/ros2_ws/openarm_ros2/build/openarm_hardware' returned '0': CMAKE_PREFIX_PATH=/opt/ros/humble /usr/bin/cmake --install /ros2_ws/openarm_ros2/build/openarm_hardware
