[0.019s] Invoking command in '/ros2_ws/openarm_ros2/build/openarm_bringup': AMENT_PREFIX_PATH=/ros2_ws/openarm_ros2/install/openarm_bimanual_moveit_config:/ros2_ws/openarm_ros2/install/openarm_description:${AMENT_PREFIX_PATH} CMAKE_PREFIX_PATH=/ros2_ws/openarm_ros2/install/openarm_bimanual_moveit_config:/ros2_ws/openarm_ros2/install/openarm_description:/opt/ros/humble /usr/bin/cmake /ros2_ws/openarm_ros2/openarm_bringup -DAMENT_CMAKE_SYMLINK_INSTALL=1 -DCMAKE_INSTALL_PREFIX=/ros2_ws/openarm_ros2/install/openarm_bringup
[0.181s] -- The C compiler identification is GNU 11.4.0
[0.324s] -- The CXX compiler identification is GNU 11.4.0
[0.338s] -- Detecting C compiler ABI info
[0.546s] -- Detecting C compiler ABI info - done
[0.586s] -- Check for working C compiler: /usr/bin/cc - skipped
[0.587s] -- Detecting C compile features
[0.588s] -- Detecting C compile features - done
[0.593s] -- Detecting CXX compiler ABI info
[0.779s] -- Detecting CXX compiler ABI info - done
[0.790s] -- Check for working CXX compiler: /usr/bin/c++ - skipped
[0.791s] -- Detecting CXX compile features
[0.791s] -- Detecting CXX compile features - done
[0.796s] -- Found ament_cmake: 1.3.14 (/opt/ros/humble/share/ament_cmake/cmake)
[1.130s] -- Found Python3: /usr/bin/python3 (found version "3.10.12") found components: Interpreter 
[1.272s] -- Override CMake install command with custom implementation using symlinks instead of copying resources
[1.335s] -- Found ament_lint_auto: 0.12.15 (/opt/ros/humble/share/ament_lint_auto/cmake)
[1.504s] -- Added test 'flake8' to check Python code syntax and style conventions
[1.504s] -- Added test 'lint_cmake' to check CMake code style
[1.505s] -- Added test 'pep257' to check Python code against some of the docstring style conventions in PEP 257
[1.506s] -- Added test 'xmllint' to check XML markup files
[1.509s] -- Configuring done
[1.515s] -- Generating done
[1.518s] -- Build files have been written to: /ros2_ws/openarm_ros2/build/openarm_bringup
[1.531s] Invoked command in '/ros2_ws/openarm_ros2/build/openarm_bringup' returned '0': AMENT_PREFIX_PATH=/ros2_ws/openarm_ros2/install/openarm_bimanual_moveit_config:/ros2_ws/openarm_ros2/install/openarm_description:${AMENT_PREFIX_PATH} CMAKE_PREFIX_PATH=/ros2_ws/openarm_ros2/install/openarm_bimanual_moveit_config:/ros2_ws/openarm_ros2/install/openarm_description:/opt/ros/humble /usr/bin/cmake /ros2_ws/openarm_ros2/openarm_bringup -DAMENT_CMAKE_SYMLINK_INSTALL=1 -DCMAKE_INSTALL_PREFIX=/ros2_ws/openarm_ros2/install/openarm_bringup
[1.536s] Invoking command in '/ros2_ws/openarm_ros2/build/openarm_bringup': AMENT_PREFIX_PATH=/ros2_ws/openarm_ros2/install/openarm_bimanual_moveit_config:/ros2_ws/openarm_ros2/install/openarm_description:${AMENT_PREFIX_PATH} CMAKE_PREFIX_PATH=/ros2_ws/openarm_ros2/install/openarm_bimanual_moveit_config:/ros2_ws/openarm_ros2/install/openarm_description:/opt/ros/humble /usr/bin/cmake --build /ros2_ws/openarm_ros2/build/openarm_bringup -- -j8 -l8
[1.655s] Invoked command in '/ros2_ws/openarm_ros2/build/openarm_bringup' returned '0': AMENT_PREFIX_PATH=/ros2_ws/openarm_ros2/install/openarm_bimanual_moveit_config:/ros2_ws/openarm_ros2/install/openarm_description:${AMENT_PREFIX_PATH} CMAKE_PREFIX_PATH=/ros2_ws/openarm_ros2/install/openarm_bimanual_moveit_config:/ros2_ws/openarm_ros2/install/openarm_description:/opt/ros/humble /usr/bin/cmake --build /ros2_ws/openarm_ros2/build/openarm_bringup -- -j8 -l8
[1.659s] Invoking command in '/ros2_ws/openarm_ros2/build/openarm_bringup': AMENT_PREFIX_PATH=/ros2_ws/openarm_ros2/install/openarm_bimanual_moveit_config:/ros2_ws/openarm_ros2/install/openarm_description:${AMENT_PREFIX_PATH} CMAKE_PREFIX_PATH=/ros2_ws/openarm_ros2/install/openarm_bimanual_moveit_config:/ros2_ws/openarm_ros2/install/openarm_description:/opt/ros/humble /usr/bin/cmake --install /ros2_ws/openarm_ros2/build/openarm_bringup
[1.676s] -- Install configuration: ""
[1.677s] -- Execute custom install script
[1.678s] -- Symlinking: /ros2_ws/openarm_ros2/install/openarm_bringup/share/openarm_bringup/launch/openarm.bimanual.launch.py
[1.711s] -- Symlinking: /ros2_ws/openarm_ros2/install/openarm_bringup/share/openarm_bringup/config/controllers/openarm_bimanual_controllers.yaml
[1.743s] -- Symlinking: /ros2_ws/openarm_ros2/install/openarm_bringup/share/openarm_bringup/config/controllers/openarm_bimanual_moveit_controllers.yaml
[1.761s] -- Symlinking: /ros2_ws/openarm_ros2/install/openarm_bringup/share/ament_index/resource_index/package_run_dependencies/openarm_bringup
[1.792s] -- Symlinking: /ros2_ws/openarm_ros2/install/openarm_bringup/share/ament_index/resource_index/parent_prefix_path/openarm_bringup
[1.824s] -- Symlinking: /ros2_ws/openarm_ros2/install/openarm_bringup/share/openarm_bringup/environment/ament_prefix_path.sh
[1.857s] -- Symlinking: /ros2_ws/openarm_ros2/install/openarm_bringup/share/openarm_bringup/environment/ament_prefix_path.dsv
[1.888s] -- Symlinking: /ros2_ws/openarm_ros2/install/openarm_bringup/share/openarm_bringup/environment/path.sh
[1.908s] -- Symlinking: /ros2_ws/openarm_ros2/install/openarm_bringup/share/openarm_bringup/environment/path.dsv
[1.940s] -- Symlinking: /ros2_ws/openarm_ros2/install/openarm_bringup/share/openarm_bringup/local_setup.bash
[1.972s] -- Symlinking: /ros2_ws/openarm_ros2/install/openarm_bringup/share/openarm_bringup/local_setup.sh
[2.004s] -- Symlinking: /ros2_ws/openarm_ros2/install/openarm_bringup/share/openarm_bringup/local_setup.zsh
[2.023s] -- Symlinking: /ros2_ws/openarm_ros2/install/openarm_bringup/share/openarm_bringup/local_setup.dsv
[2.056s] -- Symlinking: /ros2_ws/openarm_ros2/install/openarm_bringup/share/openarm_bringup/package.dsv
[2.077s] -- Symlinking: /ros2_ws/openarm_ros2/install/openarm_bringup/share/ament_index/resource_index/packages/openarm_bringup
[2.110s] -- Symlinking: /ros2_ws/openarm_ros2/install/openarm_bringup/share/openarm_bringup/cmake/openarm_bringupConfig.cmake
[2.143s] -- Symlinking: /ros2_ws/openarm_ros2/install/openarm_bringup/share/openarm_bringup/cmake/openarm_bringupConfig-version.cmake
[2.162s] -- Symlinking: /ros2_ws/openarm_ros2/install/openarm_bringup/share/openarm_bringup/package.xml
[2.189s] Invoked command in '/ros2_ws/openarm_ros2/build/openarm_bringup' returned '0': AMENT_PREFIX_PATH=/ros2_ws/openarm_ros2/install/openarm_bimanual_moveit_config:/ros2_ws/openarm_ros2/install/openarm_description:${AMENT_PREFIX_PATH} CMAKE_PREFIX_PATH=/ros2_ws/openarm_ros2/install/openarm_bimanual_moveit_config:/ros2_ws/openarm_ros2/install/openarm_description:/opt/ros/humble /usr/bin/cmake --install /ros2_ws/openarm_ros2/build/openarm_bringup
