[0.302s] DEBUG:colcon:Command line arguments: ['/usr/bin/colcon', 'build', '--symlink-install']
[0.302s] DEBUG:colcon:Parsed command line arguments: Namespace(log_base=None, log_level=None, verb_name='build', build_base='build', install_base='install', merge_install=False, symlink_install=True, test_result_base=None, continue_on_error=False, executor='parallel', parallel_workers=8, event_handlers=None, ignore_user_meta=False, metas=['./colcon.meta'], base_paths=['.'], packages_ignore=None, packages_ignore_regex=None, paths=None, packages_up_to=None, packages_up_to_regex=None, packages_above=None, packages_above_and_dependencies=None, packages_above_depth=None, packages_select_by_dep=None, packages_skip_by_dep=None, packages_skip_up_to=None, packages_select_build_failed=False, packages_skip_build_finished=False, packages_select_test_failures=False, packages_skip_test_passed=False, packages_select=None, packages_skip=None, packages_select_regex=None, packages_skip_regex=None, packages_start=None, packages_end=None, cmake_args=None, cmake_target=None, cmake_target_skip_unavailable=False, cmake_clean_cache=False, cmake_clean_first=False, cmake_force_configure=False, ament_cmake_args=None, catkin_cmake_args=None, catkin_skip_building_tests=False, mixin_files=None, mixin=None, verb_parser=<colcon_mixin.mixin.mixin_argument.MixinArgumentDecorator object at 0xffff98efa680>, verb_extension=<colcon_core.verb.build.BuildVerb object at 0xffff990a3670>, main=<bound method BuildVerb.main of <colcon_core.verb.build.BuildVerb object at 0xffff990a3670>>, mixin_verb=('build',))
[0.729s] Level 1:colcon.colcon_core.package_discovery:discover_packages(colcon_meta) check parameters
[0.731s] INFO:colcon.colcon_metadata.package_discovery.colcon_meta:Using configuration from '/root/.colcon/metadata/default/Gazebo.meta'
[0.732s] INFO:colcon.colcon_metadata.package_discovery.colcon_meta:Using configuration from '/root/.colcon/metadata/default/fastdds.meta'
[0.733s] INFO:colcon.colcon_metadata.package_discovery.colcon_meta:Using configuration from '/root/.colcon/metadata/default/fastrtps.meta'
[0.733s] Level 1:colcon.colcon_core.package_discovery:discover_packages(recursive) check parameters
[0.733s] Level 1:colcon.colcon_core.package_discovery:discover_packages(ignore) check parameters
[0.733s] Level 1:colcon.colcon_core.package_discovery:discover_packages(path) check parameters
[0.733s] Level 1:colcon.colcon_core.package_discovery:discover_packages(colcon_meta) discover
[0.733s] Level 1:colcon.colcon_core.package_discovery:discover_packages(recursive) discover
[0.734s] INFO:colcon.colcon_core.package_discovery:Crawling recursively for packages in '/ros2_ws/openarm_ros2'
[0.734s] Level 1:colcon.colcon_core.package_identification:_identify(.) by extensions ['ignore', 'ignore_ament_install']
[0.734s] Level 1:colcon.colcon_core.package_identification:_identify(.) by extension 'ignore'
[0.734s] Level 1:colcon.colcon_core.package_identification:_identify(.) by extension 'ignore_ament_install'
[0.734s] Level 1:colcon.colcon_core.package_identification:_identify(.) by extensions ['colcon_pkg']
[0.734s] Level 1:colcon.colcon_core.package_identification:_identify(.) by extension 'colcon_pkg'
[0.734s] Level 1:colcon.colcon_core.package_identification:_identify(.) by extensions ['colcon_meta']
[0.734s] Level 1:colcon.colcon_core.package_identification:_identify(.) by extension 'colcon_meta'
[0.734s] Level 1:colcon.colcon_core.package_identification:_identify(.) by extensions ['ros']
[0.734s] Level 1:colcon.colcon_core.package_identification:_identify(.) by extension 'ros'
[0.760s] Level 1:colcon.colcon_core.package_identification:_identify(.) by extensions ['cmake', 'python']
[0.760s] Level 1:colcon.colcon_core.package_identification:_identify(.) by extension 'cmake'
[0.760s] Level 1:colcon.colcon_core.package_identification:_identify(.) by extension 'python'
[0.760s] Level 1:colcon.colcon_core.package_identification:_identify(.) by extensions ['python_setup_py']
[0.761s] Level 1:colcon.colcon_core.package_identification:_identify(.) by extension 'python_setup_py'
[0.761s] Level 1:colcon.colcon_core.package_identification:_identify(build) by extensions ['ignore', 'ignore_ament_install']
[0.761s] Level 1:colcon.colcon_core.package_identification:_identify(build) by extension 'ignore'
[0.761s] Level 1:colcon.colcon_core.package_identification:_identify(build) ignored
[0.761s] Level 1:colcon.colcon_core.package_identification:_identify(dev) by extensions ['ignore', 'ignore_ament_install']
[0.761s] Level 1:colcon.colcon_core.package_identification:_identify(dev) by extension 'ignore'
[0.762s] Level 1:colcon.colcon_core.package_identification:_identify(dev) by extension 'ignore_ament_install'
[0.762s] Level 1:colcon.colcon_core.package_identification:_identify(dev) by extensions ['colcon_pkg']
[0.762s] Level 1:colcon.colcon_core.package_identification:_identify(dev) by extension 'colcon_pkg'
[0.762s] Level 1:colcon.colcon_core.package_identification:_identify(dev) by extensions ['colcon_meta']
[0.762s] Level 1:colcon.colcon_core.package_identification:_identify(dev) by extension 'colcon_meta'
[0.762s] Level 1:colcon.colcon_core.package_identification:_identify(dev) by extensions ['ros']
[0.762s] Level 1:colcon.colcon_core.package_identification:_identify(dev) by extension 'ros'
[0.762s] Level 1:colcon.colcon_core.package_identification:_identify(dev) by extensions ['cmake', 'python']
[0.762s] Level 1:colcon.colcon_core.package_identification:_identify(dev) by extension 'cmake'
[0.762s] Level 1:colcon.colcon_core.package_identification:_identify(dev) by extension 'python'
[0.762s] Level 1:colcon.colcon_core.package_identification:_identify(dev) by extensions ['python_setup_py']
[0.762s] Level 1:colcon.colcon_core.package_identification:_identify(dev) by extension 'python_setup_py'
[0.762s] Level 1:colcon.colcon_core.package_identification:_identify(install) by extensions ['ignore', 'ignore_ament_install']
[0.762s] Level 1:colcon.colcon_core.package_identification:_identify(install) by extension 'ignore'
[0.762s] Level 1:colcon.colcon_core.package_identification:_identify(install) ignored
[0.763s] Level 1:colcon.colcon_core.package_identification:_identify(log) by extensions ['ignore', 'ignore_ament_install']
[0.763s] Level 1:colcon.colcon_core.package_identification:_identify(log) by extension 'ignore'
[0.763s] Level 1:colcon.colcon_core.package_identification:_identify(log) ignored
[0.763s] Level 1:colcon.colcon_core.package_identification:_identify(openarm) by extensions ['ignore', 'ignore_ament_install']
[0.763s] Level 1:colcon.colcon_core.package_identification:_identify(openarm) by extension 'ignore'
[0.763s] Level 1:colcon.colcon_core.package_identification:_identify(openarm) by extension 'ignore_ament_install'
[0.763s] Level 1:colcon.colcon_core.package_identification:_identify(openarm) by extensions ['colcon_pkg']
[0.763s] Level 1:colcon.colcon_core.package_identification:_identify(openarm) by extension 'colcon_pkg'
[0.763s] Level 1:colcon.colcon_core.package_identification:_identify(openarm) by extensions ['colcon_meta']
[0.763s] Level 1:colcon.colcon_core.package_identification:_identify(openarm) by extension 'colcon_meta'
[0.763s] Level 1:colcon.colcon_core.package_identification:_identify(openarm) by extensions ['ros']
[0.763s] Level 1:colcon.colcon_core.package_identification:_identify(openarm) by extension 'ros'
[0.770s] DEBUG:colcon.colcon_core.package_identification:Package 'openarm' with type 'ros.ament_cmake' and name 'openarm'
[0.771s] Level 1:colcon.colcon_core.package_identification:_identify(openarm_bimanual_moveit_config) by extensions ['ignore', 'ignore_ament_install']
[0.771s] Level 1:colcon.colcon_core.package_identification:_identify(openarm_bimanual_moveit_config) by extension 'ignore'
[0.771s] Level 1:colcon.colcon_core.package_identification:_identify(openarm_bimanual_moveit_config) by extension 'ignore_ament_install'
[0.771s] Level 1:colcon.colcon_core.package_identification:_identify(openarm_bimanual_moveit_config) by extensions ['colcon_pkg']
[0.771s] Level 1:colcon.colcon_core.package_identification:_identify(openarm_bimanual_moveit_config) by extension 'colcon_pkg'
[0.771s] Level 1:colcon.colcon_core.package_identification:_identify(openarm_bimanual_moveit_config) by extensions ['colcon_meta']
[0.771s] Level 1:colcon.colcon_core.package_identification:_identify(openarm_bimanual_moveit_config) by extension 'colcon_meta'
[0.771s] Level 1:colcon.colcon_core.package_identification:_identify(openarm_bimanual_moveit_config) by extensions ['ros']
[0.771s] Level 1:colcon.colcon_core.package_identification:_identify(openarm_bimanual_moveit_config) by extension 'ros'
[0.773s] DEBUG:colcon.colcon_core.package_identification:Package 'openarm_bimanual_moveit_config' with type 'ros.ament_cmake' and name 'openarm_bimanual_moveit_config'
[0.773s] Level 1:colcon.colcon_core.package_identification:_identify(openarm_bringup) by extensions ['ignore', 'ignore_ament_install']
[0.773s] Level 1:colcon.colcon_core.package_identification:_identify(openarm_bringup) by extension 'ignore'
[0.773s] Level 1:colcon.colcon_core.package_identification:_identify(openarm_bringup) by extension 'ignore_ament_install'
[0.773s] Level 1:colcon.colcon_core.package_identification:_identify(openarm_bringup) by extensions ['colcon_pkg']
[0.773s] Level 1:colcon.colcon_core.package_identification:_identify(openarm_bringup) by extension 'colcon_pkg'
[0.773s] Level 1:colcon.colcon_core.package_identification:_identify(openarm_bringup) by extensions ['colcon_meta']
[0.773s] Level 1:colcon.colcon_core.package_identification:_identify(openarm_bringup) by extension 'colcon_meta'
[0.773s] Level 1:colcon.colcon_core.package_identification:_identify(openarm_bringup) by extensions ['ros']
[0.773s] Level 1:colcon.colcon_core.package_identification:_identify(openarm_bringup) by extension 'ros'
[0.774s] DEBUG:colcon.colcon_core.package_identification:Package 'openarm_bringup' with type 'ros.ament_cmake' and name 'openarm_bringup'
[0.774s] Level 1:colcon.colcon_core.package_identification:_identify(openarm_description) by extensions ['ignore', 'ignore_ament_install']
[0.774s] Level 1:colcon.colcon_core.package_identification:_identify(openarm_description) by extension 'ignore'
[0.774s] Level 1:colcon.colcon_core.package_identification:_identify(openarm_description) by extension 'ignore_ament_install'
[0.775s] Level 1:colcon.colcon_core.package_identification:_identify(openarm_description) by extensions ['colcon_pkg']
[0.775s] Level 1:colcon.colcon_core.package_identification:_identify(openarm_description) by extension 'colcon_pkg'
[0.775s] Level 1:colcon.colcon_core.package_identification:_identify(openarm_description) by extensions ['colcon_meta']
[0.775s] Level 1:colcon.colcon_core.package_identification:_identify(openarm_description) by extension 'colcon_meta'
[0.775s] Level 1:colcon.colcon_core.package_identification:_identify(openarm_description) by extensions ['ros']
[0.775s] Level 1:colcon.colcon_core.package_identification:_identify(openarm_description) by extension 'ros'
[0.776s] DEBUG:colcon.colcon_core.package_identification:Package 'openarm_description' with type 'ros.ament_cmake' and name 'openarm_description'
[0.777s] Level 1:colcon.colcon_core.package_identification:_identify(openarm_hardware) by extensions ['ignore', 'ignore_ament_install']
[0.777s] Level 1:colcon.colcon_core.package_identification:_identify(openarm_hardware) by extension 'ignore'
[0.777s] Level 1:colcon.colcon_core.package_identification:_identify(openarm_hardware) by extension 'ignore_ament_install'
[0.777s] Level 1:colcon.colcon_core.package_identification:_identify(openarm_hardware) by extensions ['colcon_pkg']
[0.777s] Level 1:colcon.colcon_core.package_identification:_identify(openarm_hardware) by extension 'colcon_pkg'
[0.777s] Level 1:colcon.colcon_core.package_identification:_identify(openarm_hardware) by extensions ['colcon_meta']
[0.777s] Level 1:colcon.colcon_core.package_identification:_identify(openarm_hardware) by extension 'colcon_meta'
[0.777s] Level 1:colcon.colcon_core.package_identification:_identify(openarm_hardware) by extensions ['ros']
[0.777s] Level 1:colcon.colcon_core.package_identification:_identify(openarm_hardware) by extension 'ros'
[0.778s] DEBUG:colcon.colcon_core.package_identification:Package 'openarm_hardware' with type 'ros.ament_cmake' and name 'openarm_hardware'
[0.778s] Level 1:colcon.colcon_core.package_discovery:discover_packages(recursive) using defaults
[0.778s] Level 1:colcon.colcon_core.package_discovery:discover_packages(ignore) discover
[0.778s] Level 1:colcon.colcon_core.package_discovery:discover_packages(ignore) using defaults
[0.778s] Level 1:colcon.colcon_core.package_discovery:discover_packages(path) discover
[0.778s] Level 1:colcon.colcon_core.package_discovery:discover_packages(path) using defaults
[0.832s] Level 5:colcon.colcon_core.verb:set package 'openarm_description' build argument 'cmake_args' from command line to 'None'
[0.832s] Level 5:colcon.colcon_core.verb:set package 'openarm_description' build argument 'cmake_target' from command line to 'None'
[0.832s] Level 5:colcon.colcon_core.verb:set package 'openarm_description' build argument 'cmake_target_skip_unavailable' from command line to 'False'
[0.832s] Level 5:colcon.colcon_core.verb:set package 'openarm_description' build argument 'cmake_clean_cache' from command line to 'False'
[0.832s] Level 5:colcon.colcon_core.verb:set package 'openarm_description' build argument 'cmake_clean_first' from command line to 'False'
[0.832s] Level 5:colcon.colcon_core.verb:set package 'openarm_description' build argument 'cmake_force_configure' from command line to 'False'
[0.833s] Level 5:colcon.colcon_core.verb:set package 'openarm_description' build argument 'ament_cmake_args' from command line to 'None'
[0.833s] Level 5:colcon.colcon_core.verb:set package 'openarm_description' build argument 'catkin_cmake_args' from command line to 'None'
[0.833s] Level 5:colcon.colcon_core.verb:set package 'openarm_description' build argument 'catkin_skip_building_tests' from command line to 'False'
[0.833s] DEBUG:colcon.colcon_core.verb:Building package 'openarm_description' with the following arguments: {'ament_cmake_args': None, 'build_base': '/ros2_ws/openarm_ros2/build/openarm_description', 'catkin_cmake_args': None, 'catkin_skip_building_tests': False, 'cmake_args': None, 'cmake_clean_cache': False, 'cmake_clean_first': False, 'cmake_force_configure': False, 'cmake_target': None, 'cmake_target_skip_unavailable': False, 'install_base': '/ros2_ws/openarm_ros2/install/openarm_description', 'merge_install': False, 'path': '/ros2_ws/openarm_ros2/openarm_description', 'symlink_install': True, 'test_result_base': None}
[0.833s] Level 5:colcon.colcon_core.verb:set package 'openarm_hardware' build argument 'cmake_args' from command line to 'None'
[0.833s] Level 5:colcon.colcon_core.verb:set package 'openarm_hardware' build argument 'cmake_target' from command line to 'None'
[0.833s] Level 5:colcon.colcon_core.verb:set package 'openarm_hardware' build argument 'cmake_target_skip_unavailable' from command line to 'False'
[0.833s] Level 5:colcon.colcon_core.verb:set package 'openarm_hardware' build argument 'cmake_clean_cache' from command line to 'False'
[0.833s] Level 5:colcon.colcon_core.verb:set package 'openarm_hardware' build argument 'cmake_clean_first' from command line to 'False'
[0.833s] Level 5:colcon.colcon_core.verb:set package 'openarm_hardware' build argument 'cmake_force_configure' from command line to 'False'
[0.833s] Level 5:colcon.colcon_core.verb:set package 'openarm_hardware' build argument 'ament_cmake_args' from command line to 'None'
[0.833s] Level 5:colcon.colcon_core.verb:set package 'openarm_hardware' build argument 'catkin_cmake_args' from command line to 'None'
[0.833s] Level 5:colcon.colcon_core.verb:set package 'openarm_hardware' build argument 'catkin_skip_building_tests' from command line to 'False'
[0.833s] DEBUG:colcon.colcon_core.verb:Building package 'openarm_hardware' with the following arguments: {'ament_cmake_args': None, 'build_base': '/ros2_ws/openarm_ros2/build/openarm_hardware', 'catkin_cmake_args': None, 'catkin_skip_building_tests': False, 'cmake_args': None, 'cmake_clean_cache': False, 'cmake_clean_first': False, 'cmake_force_configure': False, 'cmake_target': None, 'cmake_target_skip_unavailable': False, 'install_base': '/ros2_ws/openarm_ros2/install/openarm_hardware', 'merge_install': False, 'path': '/ros2_ws/openarm_ros2/openarm_hardware', 'symlink_install': True, 'test_result_base': None}
[0.834s] Level 5:colcon.colcon_core.verb:set package 'openarm_bimanual_moveit_config' build argument 'cmake_args' from command line to 'None'
[0.834s] Level 5:colcon.colcon_core.verb:set package 'openarm_bimanual_moveit_config' build argument 'cmake_target' from command line to 'None'
[0.834s] Level 5:colcon.colcon_core.verb:set package 'openarm_bimanual_moveit_config' build argument 'cmake_target_skip_unavailable' from command line to 'False'
[0.834s] Level 5:colcon.colcon_core.verb:set package 'openarm_bimanual_moveit_config' build argument 'cmake_clean_cache' from command line to 'False'
[0.834s] Level 5:colcon.colcon_core.verb:set package 'openarm_bimanual_moveit_config' build argument 'cmake_clean_first' from command line to 'False'
[0.834s] Level 5:colcon.colcon_core.verb:set package 'openarm_bimanual_moveit_config' build argument 'cmake_force_configure' from command line to 'False'
[0.834s] Level 5:colcon.colcon_core.verb:set package 'openarm_bimanual_moveit_config' build argument 'ament_cmake_args' from command line to 'None'
[0.834s] Level 5:colcon.colcon_core.verb:set package 'openarm_bimanual_moveit_config' build argument 'catkin_cmake_args' from command line to 'None'
[0.834s] Level 5:colcon.colcon_core.verb:set package 'openarm_bimanual_moveit_config' build argument 'catkin_skip_building_tests' from command line to 'False'
[0.834s] DEBUG:colcon.colcon_core.verb:Building package 'openarm_bimanual_moveit_config' with the following arguments: {'ament_cmake_args': None, 'build_base': '/ros2_ws/openarm_ros2/build/openarm_bimanual_moveit_config', 'catkin_cmake_args': None, 'catkin_skip_building_tests': False, 'cmake_args': None, 'cmake_clean_cache': False, 'cmake_clean_first': False, 'cmake_force_configure': False, 'cmake_target': None, 'cmake_target_skip_unavailable': False, 'install_base': '/ros2_ws/openarm_ros2/install/openarm_bimanual_moveit_config', 'merge_install': False, 'path': '/ros2_ws/openarm_ros2/openarm_bimanual_moveit_config', 'symlink_install': True, 'test_result_base': None}
[0.835s] Level 5:colcon.colcon_core.verb:set package 'openarm_bringup' build argument 'cmake_args' from command line to 'None'
[0.835s] Level 5:colcon.colcon_core.verb:set package 'openarm_bringup' build argument 'cmake_target' from command line to 'None'
[0.835s] Level 5:colcon.colcon_core.verb:set package 'openarm_bringup' build argument 'cmake_target_skip_unavailable' from command line to 'False'
[0.835s] Level 5:colcon.colcon_core.verb:set package 'openarm_bringup' build argument 'cmake_clean_cache' from command line to 'False'
[0.835s] Level 5:colcon.colcon_core.verb:set package 'openarm_bringup' build argument 'cmake_clean_first' from command line to 'False'
[0.835s] Level 5:colcon.colcon_core.verb:set package 'openarm_bringup' build argument 'cmake_force_configure' from command line to 'False'
[0.835s] Level 5:colcon.colcon_core.verb:set package 'openarm_bringup' build argument 'ament_cmake_args' from command line to 'None'
[0.835s] Level 5:colcon.colcon_core.verb:set package 'openarm_bringup' build argument 'catkin_cmake_args' from command line to 'None'
[0.835s] Level 5:colcon.colcon_core.verb:set package 'openarm_bringup' build argument 'catkin_skip_building_tests' from command line to 'False'
[0.835s] DEBUG:colcon.colcon_core.verb:Building package 'openarm_bringup' with the following arguments: {'ament_cmake_args': None, 'build_base': '/ros2_ws/openarm_ros2/build/openarm_bringup', 'catkin_cmake_args': None, 'catkin_skip_building_tests': False, 'cmake_args': None, 'cmake_clean_cache': False, 'cmake_clean_first': False, 'cmake_force_configure': False, 'cmake_target': None, 'cmake_target_skip_unavailable': False, 'install_base': '/ros2_ws/openarm_ros2/install/openarm_bringup', 'merge_install': False, 'path': '/ros2_ws/openarm_ros2/openarm_bringup', 'symlink_install': True, 'test_result_base': None}
[0.835s] Level 5:colcon.colcon_core.verb:set package 'openarm' build argument 'cmake_args' from command line to 'None'
[0.835s] Level 5:colcon.colcon_core.verb:set package 'openarm' build argument 'cmake_target' from command line to 'None'
[0.836s] Level 5:colcon.colcon_core.verb:set package 'openarm' build argument 'cmake_target_skip_unavailable' from command line to 'False'
[0.836s] Level 5:colcon.colcon_core.verb:set package 'openarm' build argument 'cmake_clean_cache' from command line to 'False'
[0.836s] Level 5:colcon.colcon_core.verb:set package 'openarm' build argument 'cmake_clean_first' from command line to 'False'
[0.836s] Level 5:colcon.colcon_core.verb:set package 'openarm' build argument 'cmake_force_configure' from command line to 'False'
[0.836s] Level 5:colcon.colcon_core.verb:set package 'openarm' build argument 'ament_cmake_args' from command line to 'None'
[0.836s] Level 5:colcon.colcon_core.verb:set package 'openarm' build argument 'catkin_cmake_args' from command line to 'None'
[0.836s] Level 5:colcon.colcon_core.verb:set package 'openarm' build argument 'catkin_skip_building_tests' from command line to 'False'
[0.836s] DEBUG:colcon.colcon_core.verb:Building package 'openarm' with the following arguments: {'ament_cmake_args': None, 'build_base': '/ros2_ws/openarm_ros2/build/openarm', 'catkin_cmake_args': None, 'catkin_skip_building_tests': False, 'cmake_args': None, 'cmake_clean_cache': False, 'cmake_clean_first': False, 'cmake_force_configure': False, 'cmake_target': None, 'cmake_target_skip_unavailable': False, 'install_base': '/ros2_ws/openarm_ros2/install/openarm', 'merge_install': False, 'path': '/ros2_ws/openarm_ros2/openarm', 'symlink_install': True, 'test_result_base': None}
[0.836s] INFO:colcon.colcon_core.executor:Executing jobs using 'parallel' executor
[0.878s] DEBUG:colcon.colcon_parallel_executor.executor.parallel:run_until_complete
[0.879s] INFO:colcon.colcon_ros.task.ament_cmake.build:Building ROS package in '/ros2_ws/openarm_ros2/openarm_description' with build type 'ament_cmake'
[0.880s] INFO:colcon.colcon_cmake.task.cmake.build:Building CMake package in '/ros2_ws/openarm_ros2/openarm_description'
[0.889s] INFO:colcon.colcon_core.plugin_system:Skipping extension 'colcon_core.shell.bat': Not used on non-Windows systems
[0.889s] INFO:colcon.colcon_core.shell:Skip shell extension 'powershell' for command environment: Not usable outside of PowerShell
[0.889s] DEBUG:colcon.colcon_core.shell:Skip shell extension 'dsv' for command environment
[0.898s] INFO:colcon.colcon_ros.task.ament_cmake.build:Building ROS package in '/ros2_ws/openarm_ros2/openarm_hardware' with build type 'ament_cmake'
[0.899s] INFO:colcon.colcon_cmake.task.cmake.build:Building CMake package in '/ros2_ws/openarm_ros2/openarm_hardware'
[0.899s] INFO:colcon.colcon_core.shell:Skip shell extension 'powershell' for command environment: Not usable outside of PowerShell
[0.899s] DEBUG:colcon.colcon_core.shell:Skip shell extension 'dsv' for command environment
[0.912s] DEBUG:colcon.colcon_core.event_handler.log_command:Invoking command in '/ros2_ws/openarm_ros2/build/openarm_description': CMAKE_PREFIX_PATH=/opt/ros/humble /usr/bin/cmake /ros2_ws/openarm_ros2/openarm_description -DAMENT_CMAKE_SYMLINK_INSTALL=1 -DCMAKE_INSTALL_PREFIX=/ros2_ws/openarm_ros2/install/openarm_description
[0.917s] DEBUG:colcon.colcon_core.event_handler.log_command:Invoking command in '/ros2_ws/openarm_ros2/build/openarm_hardware': CMAKE_PREFIX_PATH=/opt/ros/humble /usr/bin/cmake /ros2_ws/openarm_ros2/openarm_hardware -DAMENT_CMAKE_SYMLINK_INSTALL=1 -DCMAKE_INSTALL_PREFIX=/ros2_ws/openarm_ros2/install/openarm_hardware
[3.338s] DEBUG:colcon.colcon_core.event_handler.log_command:Invoked command in '/ros2_ws/openarm_ros2/build/openarm_description' returned '0': CMAKE_PREFIX_PATH=/opt/ros/humble /usr/bin/cmake /ros2_ws/openarm_ros2/openarm_description -DAMENT_CMAKE_SYMLINK_INSTALL=1 -DCMAKE_INSTALL_PREFIX=/ros2_ws/openarm_ros2/install/openarm_description
[3.342s] DEBUG:colcon.colcon_core.event_handler.log_command:Invoking command in '/ros2_ws/openarm_ros2/build/openarm_description': CMAKE_PREFIX_PATH=/opt/ros/humble /usr/bin/cmake --build /ros2_ws/openarm_ros2/build/openarm_description -- -j8 -l8
[3.464s] DEBUG:colcon.colcon_core.event_handler.log_command:Invoked command in '/ros2_ws/openarm_ros2/build/openarm_description' returned '0': CMAKE_PREFIX_PATH=/opt/ros/humble /usr/bin/cmake --build /ros2_ws/openarm_ros2/build/openarm_description -- -j8 -l8
[3.506s] DEBUG:colcon.colcon_core.event_handler.log_command:Invoking command in '/ros2_ws/openarm_ros2/build/openarm_description': CMAKE_PREFIX_PATH=/opt/ros/humble /usr/bin/cmake --install /ros2_ws/openarm_ros2/build/openarm_description
[4.876s] DEBUG:colcon.colcon_core.event_handler.log_command:Invoked command in '/ros2_ws/openarm_ros2/build/openarm_hardware' returned '0': CMAKE_PREFIX_PATH=/opt/ros/humble /usr/bin/cmake /ros2_ws/openarm_ros2/openarm_hardware -DAMENT_CMAKE_SYMLINK_INSTALL=1 -DCMAKE_INSTALL_PREFIX=/ros2_ws/openarm_ros2/install/openarm_hardware
[4.879s] DEBUG:colcon.colcon_core.event_handler.log_command:Invoking command in '/ros2_ws/openarm_ros2/build/openarm_hardware': CMAKE_PREFIX_PATH=/opt/ros/humble /usr/bin/cmake --build /ros2_ws/openarm_ros2/build/openarm_hardware -- -j8 -l8
[8.176s] Level 1:colcon.colcon_core.environment:create_environment_scripts_only(openarm_description)
[8.179s] DEBUG:colcon.colcon_core.event_handler.log_command:Invoked command in '/ros2_ws/openarm_ros2/build/openarm_description' returned '0': CMAKE_PREFIX_PATH=/opt/ros/humble /usr/bin/cmake --install /ros2_ws/openarm_ros2/build/openarm_description
[8.201s] Level 1:colcon.colcon_core.environment:checking '/ros2_ws/openarm_ros2/install/openarm_description' for CMake module files
[8.205s] Level 1:colcon.colcon_core.environment:checking '/ros2_ws/openarm_ros2/install/openarm_description' for CMake config files
[8.206s] Level 1:colcon.colcon_core.shell:create_environment_hook('openarm_description', 'cmake_prefix_path')
[8.208s] INFO:colcon.colcon_core.shell:Creating environment hook '/ros2_ws/openarm_ros2/install/openarm_description/share/openarm_description/hook/cmake_prefix_path.ps1'
[8.213s] INFO:colcon.colcon_core.shell:Creating environment descriptor '/ros2_ws/openarm_ros2/install/openarm_description/share/openarm_description/hook/cmake_prefix_path.dsv'
[8.217s] INFO:colcon.colcon_core.shell:Creating environment hook '/ros2_ws/openarm_ros2/install/openarm_description/share/openarm_description/hook/cmake_prefix_path.sh'
[8.222s] Level 1:colcon.colcon_core.environment:checking '/ros2_ws/openarm_ros2/install/openarm_description/bin'
[8.223s] Level 1:colcon.colcon_core.environment:checking '/ros2_ws/openarm_ros2/install/openarm_description/lib/pkgconfig/openarm_description.pc'
[8.232s] Level 1:colcon.colcon_core.environment:checking '/ros2_ws/openarm_ros2/install/openarm_description/lib/python3.10/site-packages'
[8.235s] Level 1:colcon.colcon_core.environment:checking '/ros2_ws/openarm_ros2/install/openarm_description/bin'
[8.237s] INFO:colcon.colcon_core.shell:Creating package script '/ros2_ws/openarm_ros2/install/openarm_description/share/openarm_description/package.ps1'
[8.241s] INFO:colcon.colcon_core.shell:Creating package descriptor '/ros2_ws/openarm_ros2/install/openarm_description/share/openarm_description/package.dsv'
[8.243s] INFO:colcon.colcon_core.shell:Creating package script '/ros2_ws/openarm_ros2/install/openarm_description/share/openarm_description/package.sh'
[8.246s] INFO:colcon.colcon_core.shell:Creating package script '/ros2_ws/openarm_ros2/install/openarm_description/share/openarm_description/package.bash'
[8.247s] INFO:colcon.colcon_core.shell:Creating package script '/ros2_ws/openarm_ros2/install/openarm_description/share/openarm_description/package.zsh'
[8.249s] Level 1:colcon.colcon_core.environment:create_file_with_runtime_dependencies(/ros2_ws/openarm_ros2/install/openarm_description/share/colcon-core/packages/openarm_description)
[8.251s] Level 1:colcon.colcon_core.environment:create_environment_scripts_only(openarm_description)
[8.252s] Level 1:colcon.colcon_core.environment:checking '/ros2_ws/openarm_ros2/install/openarm_description' for CMake module files
[8.252s] Level 1:colcon.colcon_core.environment:checking '/ros2_ws/openarm_ros2/install/openarm_description' for CMake config files
[8.253s] Level 1:colcon.colcon_core.shell:create_environment_hook('openarm_description', 'cmake_prefix_path')
[8.253s] INFO:colcon.colcon_core.shell:Creating environment hook '/ros2_ws/openarm_ros2/install/openarm_description/share/openarm_description/hook/cmake_prefix_path.ps1'
[8.255s] INFO:colcon.colcon_core.shell:Creating environment descriptor '/ros2_ws/openarm_ros2/install/openarm_description/share/openarm_description/hook/cmake_prefix_path.dsv'
[8.255s] INFO:colcon.colcon_core.shell:Creating environment hook '/ros2_ws/openarm_ros2/install/openarm_description/share/openarm_description/hook/cmake_prefix_path.sh'
[8.257s] Level 1:colcon.colcon_core.environment:checking '/ros2_ws/openarm_ros2/install/openarm_description/bin'
[8.257s] Level 1:colcon.colcon_core.environment:checking '/ros2_ws/openarm_ros2/install/openarm_description/lib/pkgconfig/openarm_description.pc'
[8.258s] Level 1:colcon.colcon_core.environment:checking '/ros2_ws/openarm_ros2/install/openarm_description/lib/python3.10/site-packages'
[8.258s] Level 1:colcon.colcon_core.environment:checking '/ros2_ws/openarm_ros2/install/openarm_description/bin'
[8.259s] INFO:colcon.colcon_core.shell:Creating package script '/ros2_ws/openarm_ros2/install/openarm_description/share/openarm_description/package.ps1'
[8.260s] INFO:colcon.colcon_core.shell:Creating package descriptor '/ros2_ws/openarm_ros2/install/openarm_description/share/openarm_description/package.dsv'
[8.261s] INFO:colcon.colcon_core.shell:Creating package script '/ros2_ws/openarm_ros2/install/openarm_description/share/openarm_description/package.sh'
[8.262s] INFO:colcon.colcon_core.shell:Creating package script '/ros2_ws/openarm_ros2/install/openarm_description/share/openarm_description/package.bash'
[8.263s] INFO:colcon.colcon_core.shell:Creating package script '/ros2_ws/openarm_ros2/install/openarm_description/share/openarm_description/package.zsh'
[8.264s] Level 1:colcon.colcon_core.environment:create_file_with_runtime_dependencies(/ros2_ws/openarm_ros2/install/openarm_description/share/colcon-core/packages/openarm_description)
[8.264s] INFO:colcon.colcon_ros.task.ament_cmake.build:Building ROS package in '/ros2_ws/openarm_ros2/openarm_bimanual_moveit_config' with build type 'ament_cmake'
[8.265s] INFO:colcon.colcon_cmake.task.cmake.build:Building CMake package in '/ros2_ws/openarm_ros2/openarm_bimanual_moveit_config'
[8.266s] INFO:colcon.colcon_core.shell:Skip shell extension 'powershell' for command environment: Not usable outside of PowerShell
[8.266s] DEBUG:colcon.colcon_core.shell:Skip shell extension 'dsv' for command environment
[8.285s] DEBUG:colcon.colcon_core.event_handler.log_command:Invoking command in '/ros2_ws/openarm_ros2/build/openarm_bimanual_moveit_config': AMENT_PREFIX_PATH=/ros2_ws/openarm_ros2/install/openarm_description:${AMENT_PREFIX_PATH} CMAKE_PREFIX_PATH=/ros2_ws/openarm_ros2/install/openarm_description:/opt/ros/humble /usr/bin/cmake /ros2_ws/openarm_ros2/openarm_bimanual_moveit_config -DAMENT_CMAKE_SYMLINK_INSTALL=1 -DCMAKE_INSTALL_PREFIX=/ros2_ws/openarm_ros2/install/openarm_bimanual_moveit_config
[9.694s] DEBUG:colcon.colcon_core.event_handler.log_command:Invoked command in '/ros2_ws/openarm_ros2/build/openarm_bimanual_moveit_config' returned '0': AMENT_PREFIX_PATH=/ros2_ws/openarm_ros2/install/openarm_description:${AMENT_PREFIX_PATH} CMAKE_PREFIX_PATH=/ros2_ws/openarm_ros2/install/openarm_description:/opt/ros/humble /usr/bin/cmake /ros2_ws/openarm_ros2/openarm_bimanual_moveit_config -DAMENT_CMAKE_SYMLINK_INSTALL=1 -DCMAKE_INSTALL_PREFIX=/ros2_ws/openarm_ros2/install/openarm_bimanual_moveit_config
[9.697s] DEBUG:colcon.colcon_core.event_handler.log_command:Invoking command in '/ros2_ws/openarm_ros2/build/openarm_bimanual_moveit_config': AMENT_PREFIX_PATH=/ros2_ws/openarm_ros2/install/openarm_description:${AMENT_PREFIX_PATH} CMAKE_PREFIX_PATH=/ros2_ws/openarm_ros2/install/openarm_description:/opt/ros/humble /usr/bin/cmake --build /ros2_ws/openarm_ros2/build/openarm_bimanual_moveit_config -- -j8 -l8
[9.810s] DEBUG:colcon.colcon_core.event_handler.log_command:Invoked command in '/ros2_ws/openarm_ros2/build/openarm_bimanual_moveit_config' returned '0': AMENT_PREFIX_PATH=/ros2_ws/openarm_ros2/install/openarm_description:${AMENT_PREFIX_PATH} CMAKE_PREFIX_PATH=/ros2_ws/openarm_ros2/install/openarm_description:/opt/ros/humble /usr/bin/cmake --build /ros2_ws/openarm_ros2/build/openarm_bimanual_moveit_config -- -j8 -l8
[9.817s] DEBUG:colcon.colcon_core.event_handler.log_command:Invoking command in '/ros2_ws/openarm_ros2/build/openarm_bimanual_moveit_config': AMENT_PREFIX_PATH=/ros2_ws/openarm_ros2/install/openarm_description:${AMENT_PREFIX_PATH} CMAKE_PREFIX_PATH=/ros2_ws/openarm_ros2/install/openarm_description:/opt/ros/humble /usr/bin/cmake --install /ros2_ws/openarm_ros2/build/openarm_bimanual_moveit_config
[11.074s] Level 1:colcon.colcon_core.environment:create_environment_scripts_only(openarm_bimanual_moveit_config)
[11.075s] Level 1:colcon.colcon_core.environment:checking '/ros2_ws/openarm_ros2/install/openarm_bimanual_moveit_config' for CMake module files
[11.076s] DEBUG:colcon.colcon_core.event_handler.log_command:Invoked command in '/ros2_ws/openarm_ros2/build/openarm_bimanual_moveit_config' returned '0': AMENT_PREFIX_PATH=/ros2_ws/openarm_ros2/install/openarm_description:${AMENT_PREFIX_PATH} CMAKE_PREFIX_PATH=/ros2_ws/openarm_ros2/install/openarm_description:/opt/ros/humble /usr/bin/cmake --install /ros2_ws/openarm_ros2/build/openarm_bimanual_moveit_config
[11.077s] Level 1:colcon.colcon_core.environment:checking '/ros2_ws/openarm_ros2/install/openarm_bimanual_moveit_config' for CMake config files
[11.078s] Level 1:colcon.colcon_core.shell:create_environment_hook('openarm_bimanual_moveit_config', 'cmake_prefix_path')
[11.078s] INFO:colcon.colcon_core.shell:Creating environment hook '/ros2_ws/openarm_ros2/install/openarm_bimanual_moveit_config/share/openarm_bimanual_moveit_config/hook/cmake_prefix_path.ps1'
[11.080s] INFO:colcon.colcon_core.shell:Creating environment descriptor '/ros2_ws/openarm_ros2/install/openarm_bimanual_moveit_config/share/openarm_bimanual_moveit_config/hook/cmake_prefix_path.dsv'
[11.080s] INFO:colcon.colcon_core.shell:Creating environment hook '/ros2_ws/openarm_ros2/install/openarm_bimanual_moveit_config/share/openarm_bimanual_moveit_config/hook/cmake_prefix_path.sh'
[11.082s] Level 1:colcon.colcon_core.environment:checking '/ros2_ws/openarm_ros2/install/openarm_bimanual_moveit_config/bin'
[11.082s] Level 1:colcon.colcon_core.environment:checking '/ros2_ws/openarm_ros2/install/openarm_bimanual_moveit_config/lib/pkgconfig/openarm_bimanual_moveit_config.pc'
[11.082s] Level 1:colcon.colcon_core.environment:checking '/ros2_ws/openarm_ros2/install/openarm_bimanual_moveit_config/lib/python3.10/site-packages'
[11.083s] Level 1:colcon.colcon_core.environment:checking '/ros2_ws/openarm_ros2/install/openarm_bimanual_moveit_config/bin'
[11.083s] INFO:colcon.colcon_core.shell:Creating package script '/ros2_ws/openarm_ros2/install/openarm_bimanual_moveit_config/share/openarm_bimanual_moveit_config/package.ps1'
[11.084s] INFO:colcon.colcon_core.shell:Creating package descriptor '/ros2_ws/openarm_ros2/install/openarm_bimanual_moveit_config/share/openarm_bimanual_moveit_config/package.dsv'
[11.085s] INFO:colcon.colcon_core.shell:Creating package script '/ros2_ws/openarm_ros2/install/openarm_bimanual_moveit_config/share/openarm_bimanual_moveit_config/package.sh'
[11.086s] INFO:colcon.colcon_core.shell:Creating package script '/ros2_ws/openarm_ros2/install/openarm_bimanual_moveit_config/share/openarm_bimanual_moveit_config/package.bash'
[11.087s] INFO:colcon.colcon_core.shell:Creating package script '/ros2_ws/openarm_ros2/install/openarm_bimanual_moveit_config/share/openarm_bimanual_moveit_config/package.zsh'
[11.087s] Level 1:colcon.colcon_core.environment:create_file_with_runtime_dependencies(/ros2_ws/openarm_ros2/install/openarm_bimanual_moveit_config/share/colcon-core/packages/openarm_bimanual_moveit_config)
[11.088s] Level 1:colcon.colcon_core.environment:create_environment_scripts_only(openarm_bimanual_moveit_config)
[11.089s] Level 1:colcon.colcon_core.environment:checking '/ros2_ws/openarm_ros2/install/openarm_bimanual_moveit_config' for CMake module files
[11.089s] Level 1:colcon.colcon_core.environment:checking '/ros2_ws/openarm_ros2/install/openarm_bimanual_moveit_config' for CMake config files
[11.090s] Level 1:colcon.colcon_core.shell:create_environment_hook('openarm_bimanual_moveit_config', 'cmake_prefix_path')
[11.090s] INFO:colcon.colcon_core.shell:Creating environment hook '/ros2_ws/openarm_ros2/install/openarm_bimanual_moveit_config/share/openarm_bimanual_moveit_config/hook/cmake_prefix_path.ps1'
[11.091s] INFO:colcon.colcon_core.shell:Creating environment descriptor '/ros2_ws/openarm_ros2/install/openarm_bimanual_moveit_config/share/openarm_bimanual_moveit_config/hook/cmake_prefix_path.dsv'
[11.092s] INFO:colcon.colcon_core.shell:Creating environment hook '/ros2_ws/openarm_ros2/install/openarm_bimanual_moveit_config/share/openarm_bimanual_moveit_config/hook/cmake_prefix_path.sh'
[11.093s] Level 1:colcon.colcon_core.environment:checking '/ros2_ws/openarm_ros2/install/openarm_bimanual_moveit_config/bin'
[11.093s] Level 1:colcon.colcon_core.environment:checking '/ros2_ws/openarm_ros2/install/openarm_bimanual_moveit_config/lib/pkgconfig/openarm_bimanual_moveit_config.pc'
[11.094s] Level 1:colcon.colcon_core.environment:checking '/ros2_ws/openarm_ros2/install/openarm_bimanual_moveit_config/lib/python3.10/site-packages'
[11.094s] Level 1:colcon.colcon_core.environment:checking '/ros2_ws/openarm_ros2/install/openarm_bimanual_moveit_config/bin'
[11.095s] INFO:colcon.colcon_core.shell:Creating package script '/ros2_ws/openarm_ros2/install/openarm_bimanual_moveit_config/share/openarm_bimanual_moveit_config/package.ps1'
[11.096s] INFO:colcon.colcon_core.shell:Creating package descriptor '/ros2_ws/openarm_ros2/install/openarm_bimanual_moveit_config/share/openarm_bimanual_moveit_config/package.dsv'
[11.097s] INFO:colcon.colcon_core.shell:Creating package script '/ros2_ws/openarm_ros2/install/openarm_bimanual_moveit_config/share/openarm_bimanual_moveit_config/package.sh'
[11.098s] INFO:colcon.colcon_core.shell:Creating package script '/ros2_ws/openarm_ros2/install/openarm_bimanual_moveit_config/share/openarm_bimanual_moveit_config/package.bash'
[11.099s] INFO:colcon.colcon_core.shell:Creating package script '/ros2_ws/openarm_ros2/install/openarm_bimanual_moveit_config/share/openarm_bimanual_moveit_config/package.zsh'
[11.100s] Level 1:colcon.colcon_core.environment:create_file_with_runtime_dependencies(/ros2_ws/openarm_ros2/install/openarm_bimanual_moveit_config/share/colcon-core/packages/openarm_bimanual_moveit_config)
[11.101s] INFO:colcon.colcon_ros.task.ament_cmake.build:Building ROS package in '/ros2_ws/openarm_ros2/openarm_bringup' with build type 'ament_cmake'
[11.101s] INFO:colcon.colcon_cmake.task.cmake.build:Building CMake package in '/ros2_ws/openarm_ros2/openarm_bringup'
[11.101s] INFO:colcon.colcon_core.shell:Skip shell extension 'powershell' for command environment: Not usable outside of PowerShell
[11.102s] DEBUG:colcon.colcon_core.shell:Skip shell extension 'dsv' for command environment
[11.122s] DEBUG:colcon.colcon_core.event_handler.log_command:Invoking command in '/ros2_ws/openarm_ros2/build/openarm_bringup': AMENT_PREFIX_PATH=/ros2_ws/openarm_ros2/install/openarm_bimanual_moveit_config:/ros2_ws/openarm_ros2/install/openarm_description:${AMENT_PREFIX_PATH} CMAKE_PREFIX_PATH=/ros2_ws/openarm_ros2/install/openarm_bimanual_moveit_config:/ros2_ws/openarm_ros2/install/openarm_description:/opt/ros/humble /usr/bin/cmake /ros2_ws/openarm_ros2/openarm_bringup -DAMENT_CMAKE_SYMLINK_INSTALL=1 -DCMAKE_INSTALL_PREFIX=/ros2_ws/openarm_ros2/install/openarm_bringup
[12.635s] DEBUG:colcon.colcon_core.event_handler.log_command:Invoked command in '/ros2_ws/openarm_ros2/build/openarm_bringup' returned '0': AMENT_PREFIX_PATH=/ros2_ws/openarm_ros2/install/openarm_bimanual_moveit_config:/ros2_ws/openarm_ros2/install/openarm_description:${AMENT_PREFIX_PATH} CMAKE_PREFIX_PATH=/ros2_ws/openarm_ros2/install/openarm_bimanual_moveit_config:/ros2_ws/openarm_ros2/install/openarm_description:/opt/ros/humble /usr/bin/cmake /ros2_ws/openarm_ros2/openarm_bringup -DAMENT_CMAKE_SYMLINK_INSTALL=1 -DCMAKE_INSTALL_PREFIX=/ros2_ws/openarm_ros2/install/openarm_bringup
[12.640s] DEBUG:colcon.colcon_core.event_handler.log_command:Invoking command in '/ros2_ws/openarm_ros2/build/openarm_bringup': AMENT_PREFIX_PATH=/ros2_ws/openarm_ros2/install/openarm_bimanual_moveit_config:/ros2_ws/openarm_ros2/install/openarm_description:${AMENT_PREFIX_PATH} CMAKE_PREFIX_PATH=/ros2_ws/openarm_ros2/install/openarm_bimanual_moveit_config:/ros2_ws/openarm_ros2/install/openarm_description:/opt/ros/humble /usr/bin/cmake --build /ros2_ws/openarm_ros2/build/openarm_bringup -- -j8 -l8
[12.759s] DEBUG:colcon.colcon_core.event_handler.log_command:Invoked command in '/ros2_ws/openarm_ros2/build/openarm_bringup' returned '0': AMENT_PREFIX_PATH=/ros2_ws/openarm_ros2/install/openarm_bimanual_moveit_config:/ros2_ws/openarm_ros2/install/openarm_description:${AMENT_PREFIX_PATH} CMAKE_PREFIX_PATH=/ros2_ws/openarm_ros2/install/openarm_bimanual_moveit_config:/ros2_ws/openarm_ros2/install/openarm_description:/opt/ros/humble /usr/bin/cmake --build /ros2_ws/openarm_ros2/build/openarm_bringup -- -j8 -l8
[12.763s] DEBUG:colcon.colcon_core.event_handler.log_command:Invoking command in '/ros2_ws/openarm_ros2/build/openarm_bringup': AMENT_PREFIX_PATH=/ros2_ws/openarm_ros2/install/openarm_bimanual_moveit_config:/ros2_ws/openarm_ros2/install/openarm_description:${AMENT_PREFIX_PATH} CMAKE_PREFIX_PATH=/ros2_ws/openarm_ros2/install/openarm_bimanual_moveit_config:/ros2_ws/openarm_ros2/install/openarm_description:/opt/ros/humble /usr/bin/cmake --install /ros2_ws/openarm_ros2/build/openarm_bringup
[13.287s] Level 1:colcon.colcon_core.environment:create_environment_scripts_only(openarm_bringup)
[13.289s] Level 1:colcon.colcon_core.environment:checking '/ros2_ws/openarm_ros2/install/openarm_bringup' for CMake module files
[13.292s] DEBUG:colcon.colcon_core.event_handler.log_command:Invoked command in '/ros2_ws/openarm_ros2/build/openarm_bringup' returned '0': AMENT_PREFIX_PATH=/ros2_ws/openarm_ros2/install/openarm_bimanual_moveit_config:/ros2_ws/openarm_ros2/install/openarm_description:${AMENT_PREFIX_PATH} CMAKE_PREFIX_PATH=/ros2_ws/openarm_ros2/install/openarm_bimanual_moveit_config:/ros2_ws/openarm_ros2/install/openarm_description:/opt/ros/humble /usr/bin/cmake --install /ros2_ws/openarm_ros2/build/openarm_bringup
[13.294s] Level 1:colcon.colcon_core.environment:checking '/ros2_ws/openarm_ros2/install/openarm_bringup' for CMake config files
[13.296s] Level 1:colcon.colcon_core.shell:create_environment_hook('openarm_bringup', 'cmake_prefix_path')
[13.298s] INFO:colcon.colcon_core.shell:Creating environment hook '/ros2_ws/openarm_ros2/install/openarm_bringup/share/openarm_bringup/hook/cmake_prefix_path.ps1'
[13.301s] INFO:colcon.colcon_core.shell:Creating environment descriptor '/ros2_ws/openarm_ros2/install/openarm_bringup/share/openarm_bringup/hook/cmake_prefix_path.dsv'
[13.303s] INFO:colcon.colcon_core.shell:Creating environment hook '/ros2_ws/openarm_ros2/install/openarm_bringup/share/openarm_bringup/hook/cmake_prefix_path.sh'
[13.306s] Level 1:colcon.colcon_core.environment:checking '/ros2_ws/openarm_ros2/install/openarm_bringup/bin'
[13.307s] Level 1:colcon.colcon_core.environment:checking '/ros2_ws/openarm_ros2/install/openarm_bringup/lib/pkgconfig/openarm_bringup.pc'
[13.308s] Level 1:colcon.colcon_core.environment:checking '/ros2_ws/openarm_ros2/install/openarm_bringup/lib/python3.10/site-packages'
[13.310s] Level 1:colcon.colcon_core.environment:checking '/ros2_ws/openarm_ros2/install/openarm_bringup/bin'
[13.312s] INFO:colcon.colcon_core.shell:Creating package script '/ros2_ws/openarm_ros2/install/openarm_bringup/share/openarm_bringup/package.ps1'
[13.317s] INFO:colcon.colcon_core.shell:Creating package descriptor '/ros2_ws/openarm_ros2/install/openarm_bringup/share/openarm_bringup/package.dsv'
[13.319s] INFO:colcon.colcon_core.shell:Creating package script '/ros2_ws/openarm_ros2/install/openarm_bringup/share/openarm_bringup/package.sh'
[13.322s] INFO:colcon.colcon_core.shell:Creating package script '/ros2_ws/openarm_ros2/install/openarm_bringup/share/openarm_bringup/package.bash'
[13.324s] INFO:colcon.colcon_core.shell:Creating package script '/ros2_ws/openarm_ros2/install/openarm_bringup/share/openarm_bringup/package.zsh'
[13.326s] Level 1:colcon.colcon_core.environment:create_file_with_runtime_dependencies(/ros2_ws/openarm_ros2/install/openarm_bringup/share/colcon-core/packages/openarm_bringup)
[13.330s] Level 1:colcon.colcon_core.environment:create_environment_scripts_only(openarm_bringup)
[13.331s] Level 1:colcon.colcon_core.environment:checking '/ros2_ws/openarm_ros2/install/openarm_bringup' for CMake module files
[13.334s] Level 1:colcon.colcon_core.environment:checking '/ros2_ws/openarm_ros2/install/openarm_bringup' for CMake config files
[13.335s] Level 1:colcon.colcon_core.shell:create_environment_hook('openarm_bringup', 'cmake_prefix_path')
[13.336s] INFO:colcon.colcon_core.shell:Creating environment hook '/ros2_ws/openarm_ros2/install/openarm_bringup/share/openarm_bringup/hook/cmake_prefix_path.ps1'
[13.337s] INFO:colcon.colcon_core.shell:Creating environment descriptor '/ros2_ws/openarm_ros2/install/openarm_bringup/share/openarm_bringup/hook/cmake_prefix_path.dsv'
[13.339s] INFO:colcon.colcon_core.shell:Creating environment hook '/ros2_ws/openarm_ros2/install/openarm_bringup/share/openarm_bringup/hook/cmake_prefix_path.sh'
[13.340s] Level 1:colcon.colcon_core.environment:checking '/ros2_ws/openarm_ros2/install/openarm_bringup/bin'
[13.341s] Level 1:colcon.colcon_core.environment:checking '/ros2_ws/openarm_ros2/install/openarm_bringup/lib/pkgconfig/openarm_bringup.pc'
[13.341s] Level 1:colcon.colcon_core.environment:checking '/ros2_ws/openarm_ros2/install/openarm_bringup/lib/python3.10/site-packages'
[13.342s] Level 1:colcon.colcon_core.environment:checking '/ros2_ws/openarm_ros2/install/openarm_bringup/bin'
[13.343s] INFO:colcon.colcon_core.shell:Creating package script '/ros2_ws/openarm_ros2/install/openarm_bringup/share/openarm_bringup/package.ps1'
[13.345s] INFO:colcon.colcon_core.shell:Creating package descriptor '/ros2_ws/openarm_ros2/install/openarm_bringup/share/openarm_bringup/package.dsv'
[13.346s] INFO:colcon.colcon_core.shell:Creating package script '/ros2_ws/openarm_ros2/install/openarm_bringup/share/openarm_bringup/package.sh'
[13.347s] INFO:colcon.colcon_core.shell:Creating package script '/ros2_ws/openarm_ros2/install/openarm_bringup/share/openarm_bringup/package.bash'
[13.348s] INFO:colcon.colcon_core.shell:Creating package script '/ros2_ws/openarm_ros2/install/openarm_bringup/share/openarm_bringup/package.zsh'
[13.349s] Level 1:colcon.colcon_core.environment:create_file_with_runtime_dependencies(/ros2_ws/openarm_ros2/install/openarm_bringup/share/colcon-core/packages/openarm_bringup)
[14.884s] DEBUG:colcon.colcon_core.event_handler.log_command:Invoked command in '/ros2_ws/openarm_ros2/build/openarm_hardware' returned '0': CMAKE_PREFIX_PATH=/opt/ros/humble /usr/bin/cmake --build /ros2_ws/openarm_ros2/build/openarm_hardware -- -j8 -l8
[14.887s] DEBUG:colcon.colcon_core.event_handler.log_command:Invoking command in '/ros2_ws/openarm_ros2/build/openarm_hardware': CMAKE_PREFIX_PATH=/opt/ros/humble /usr/bin/cmake --install /ros2_ws/openarm_ros2/build/openarm_hardware
[15.528s] Level 1:colcon.colcon_core.environment:create_environment_scripts_only(openarm_hardware)
[15.529s] Level 1:colcon.colcon_core.environment:checking '/ros2_ws/openarm_ros2/install/openarm_hardware' for CMake module files
[15.531s] DEBUG:colcon.colcon_core.event_handler.log_command:Invoked command in '/ros2_ws/openarm_ros2/build/openarm_hardware' returned '0': CMAKE_PREFIX_PATH=/opt/ros/humble /usr/bin/cmake --install /ros2_ws/openarm_ros2/build/openarm_hardware
[15.532s] Level 1:colcon.colcon_core.environment:checking '/ros2_ws/openarm_ros2/install/openarm_hardware' for CMake config files
[15.532s] Level 1:colcon.colcon_core.shell:create_environment_hook('openarm_hardware', 'cmake_prefix_path')
[15.533s] INFO:colcon.colcon_core.shell:Creating environment hook '/ros2_ws/openarm_ros2/install/openarm_hardware/share/openarm_hardware/hook/cmake_prefix_path.ps1'
[15.534s] INFO:colcon.colcon_core.shell:Creating environment descriptor '/ros2_ws/openarm_ros2/install/openarm_hardware/share/openarm_hardware/hook/cmake_prefix_path.dsv'
[15.535s] INFO:colcon.colcon_core.shell:Creating environment hook '/ros2_ws/openarm_ros2/install/openarm_hardware/share/openarm_hardware/hook/cmake_prefix_path.sh'
[15.536s] Level 1:colcon.colcon_core.environment:checking '/ros2_ws/openarm_ros2/install/openarm_hardware/lib'
[15.536s] Level 1:colcon.colcon_core.shell:create_environment_hook('openarm_hardware', 'ld_library_path_lib')
[15.537s] INFO:colcon.colcon_core.shell:Creating environment hook '/ros2_ws/openarm_ros2/install/openarm_hardware/share/openarm_hardware/hook/ld_library_path_lib.ps1'
[15.537s] INFO:colcon.colcon_core.shell:Creating environment descriptor '/ros2_ws/openarm_ros2/install/openarm_hardware/share/openarm_hardware/hook/ld_library_path_lib.dsv'
[15.538s] INFO:colcon.colcon_core.shell:Creating environment hook '/ros2_ws/openarm_ros2/install/openarm_hardware/share/openarm_hardware/hook/ld_library_path_lib.sh'
[15.538s] Level 1:colcon.colcon_core.environment:checking '/ros2_ws/openarm_ros2/install/openarm_hardware/bin'
[15.538s] Level 1:colcon.colcon_core.environment:checking '/ros2_ws/openarm_ros2/install/openarm_hardware/lib/pkgconfig/openarm_hardware.pc'
[15.539s] Level 1:colcon.colcon_core.environment:checking '/ros2_ws/openarm_ros2/install/openarm_hardware/lib/python3.10/site-packages'
[15.539s] Level 1:colcon.colcon_core.environment:checking '/ros2_ws/openarm_ros2/install/openarm_hardware/bin'
[15.540s] INFO:colcon.colcon_core.shell:Creating package script '/ros2_ws/openarm_ros2/install/openarm_hardware/share/openarm_hardware/package.ps1'
[15.541s] INFO:colcon.colcon_core.shell:Creating package descriptor '/ros2_ws/openarm_ros2/install/openarm_hardware/share/openarm_hardware/package.dsv'
[15.541s] INFO:colcon.colcon_core.shell:Creating package script '/ros2_ws/openarm_ros2/install/openarm_hardware/share/openarm_hardware/package.sh'
[15.542s] INFO:colcon.colcon_core.shell:Creating package script '/ros2_ws/openarm_ros2/install/openarm_hardware/share/openarm_hardware/package.bash'
[15.542s] INFO:colcon.colcon_core.shell:Creating package script '/ros2_ws/openarm_ros2/install/openarm_hardware/share/openarm_hardware/package.zsh'
[15.543s] Level 1:colcon.colcon_core.environment:create_file_with_runtime_dependencies(/ros2_ws/openarm_ros2/install/openarm_hardware/share/colcon-core/packages/openarm_hardware)
[15.544s] Level 1:colcon.colcon_core.environment:create_environment_scripts_only(openarm_hardware)
[15.544s] Level 1:colcon.colcon_core.environment:checking '/ros2_ws/openarm_ros2/install/openarm_hardware' for CMake module files
[15.545s] Level 1:colcon.colcon_core.environment:checking '/ros2_ws/openarm_ros2/install/openarm_hardware' for CMake config files
[15.545s] Level 1:colcon.colcon_core.shell:create_environment_hook('openarm_hardware', 'cmake_prefix_path')
[15.546s] INFO:colcon.colcon_core.shell:Creating environment hook '/ros2_ws/openarm_ros2/install/openarm_hardware/share/openarm_hardware/hook/cmake_prefix_path.ps1'
[15.546s] INFO:colcon.colcon_core.shell:Creating environment descriptor '/ros2_ws/openarm_ros2/install/openarm_hardware/share/openarm_hardware/hook/cmake_prefix_path.dsv'
[15.547s] INFO:colcon.colcon_core.shell:Creating environment hook '/ros2_ws/openarm_ros2/install/openarm_hardware/share/openarm_hardware/hook/cmake_prefix_path.sh'
[15.548s] Level 1:colcon.colcon_core.environment:checking '/ros2_ws/openarm_ros2/install/openarm_hardware/lib'
[15.548s] Level 1:colcon.colcon_core.shell:create_environment_hook('openarm_hardware', 'ld_library_path_lib')
[15.548s] INFO:colcon.colcon_core.shell:Creating environment hook '/ros2_ws/openarm_ros2/install/openarm_hardware/share/openarm_hardware/hook/ld_library_path_lib.ps1'
[15.549s] INFO:colcon.colcon_core.shell:Creating environment descriptor '/ros2_ws/openarm_ros2/install/openarm_hardware/share/openarm_hardware/hook/ld_library_path_lib.dsv'
[15.549s] INFO:colcon.colcon_core.shell:Creating environment hook '/ros2_ws/openarm_ros2/install/openarm_hardware/share/openarm_hardware/hook/ld_library_path_lib.sh'
[15.550s] Level 1:colcon.colcon_core.environment:checking '/ros2_ws/openarm_ros2/install/openarm_hardware/bin'
[15.550s] Level 1:colcon.colcon_core.environment:checking '/ros2_ws/openarm_ros2/install/openarm_hardware/lib/pkgconfig/openarm_hardware.pc'
[15.550s] Level 1:colcon.colcon_core.environment:checking '/ros2_ws/openarm_ros2/install/openarm_hardware/lib/python3.10/site-packages'
[15.551s] Level 1:colcon.colcon_core.environment:checking '/ros2_ws/openarm_ros2/install/openarm_hardware/bin'
[15.551s] INFO:colcon.colcon_core.shell:Creating package script '/ros2_ws/openarm_ros2/install/openarm_hardware/share/openarm_hardware/package.ps1'
[15.552s] INFO:colcon.colcon_core.shell:Creating package descriptor '/ros2_ws/openarm_ros2/install/openarm_hardware/share/openarm_hardware/package.dsv'
[15.553s] INFO:colcon.colcon_core.shell:Creating package script '/ros2_ws/openarm_ros2/install/openarm_hardware/share/openarm_hardware/package.sh'
[15.553s] INFO:colcon.colcon_core.shell:Creating package script '/ros2_ws/openarm_ros2/install/openarm_hardware/share/openarm_hardware/package.bash'
[15.554s] INFO:colcon.colcon_core.shell:Creating package script '/ros2_ws/openarm_ros2/install/openarm_hardware/share/openarm_hardware/package.zsh'
[15.554s] Level 1:colcon.colcon_core.environment:create_file_with_runtime_dependencies(/ros2_ws/openarm_ros2/install/openarm_hardware/share/colcon-core/packages/openarm_hardware)
[15.555s] INFO:colcon.colcon_ros.task.ament_cmake.build:Building ROS package in '/ros2_ws/openarm_ros2/openarm' with build type 'ament_cmake'
[15.556s] INFO:colcon.colcon_cmake.task.cmake.build:Building CMake package in '/ros2_ws/openarm_ros2/openarm'
[15.556s] INFO:colcon.colcon_core.shell:Skip shell extension 'powershell' for command environment: Not usable outside of PowerShell
[15.556s] DEBUG:colcon.colcon_core.shell:Skip shell extension 'dsv' for command environment
[15.581s] DEBUG:colcon.colcon_core.event_handler.log_command:Invoking command in '/ros2_ws/openarm_ros2/build/openarm': AMENT_PREFIX_PATH=/ros2_ws/openarm_ros2/install/openarm_bringup:/ros2_ws/openarm_ros2/install/openarm_bimanual_moveit_config:/ros2_ws/openarm_ros2/install/openarm_hardware:/ros2_ws/openarm_ros2/install/openarm_description:${AMENT_PREFIX_PATH} CMAKE_PREFIX_PATH=/ros2_ws/openarm_ros2/install/openarm_bringup:/ros2_ws/openarm_ros2/install/openarm_bimanual_moveit_config:/ros2_ws/openarm_ros2/install/openarm_hardware:/ros2_ws/openarm_ros2/install/openarm_description:/opt/ros/humble LD_LIBRARY_PATH=/ros2_ws/openarm_ros2/install/openarm_hardware/lib:${LD_LIBRARY_PATH} /usr/bin/cmake /ros2_ws/openarm_ros2/openarm -DAMENT_CMAKE_SYMLINK_INSTALL=1 -DCMAKE_INSTALL_PREFIX=/ros2_ws/openarm_ros2/install/openarm
[16.907s] DEBUG:colcon.colcon_core.event_handler.log_command:Invoked command in '/ros2_ws/openarm_ros2/build/openarm' returned '0': AMENT_PREFIX_PATH=/ros2_ws/openarm_ros2/install/openarm_bringup:/ros2_ws/openarm_ros2/install/openarm_bimanual_moveit_config:/ros2_ws/openarm_ros2/install/openarm_hardware:/ros2_ws/openarm_ros2/install/openarm_description:${AMENT_PREFIX_PATH} CMAKE_PREFIX_PATH=/ros2_ws/openarm_ros2/install/openarm_bringup:/ros2_ws/openarm_ros2/install/openarm_bimanual_moveit_config:/ros2_ws/openarm_ros2/install/openarm_hardware:/ros2_ws/openarm_ros2/install/openarm_description:/opt/ros/humble LD_LIBRARY_PATH=/ros2_ws/openarm_ros2/install/openarm_hardware/lib:${LD_LIBRARY_PATH} /usr/bin/cmake /ros2_ws/openarm_ros2/openarm -DAMENT_CMAKE_SYMLINK_INSTALL=1 -DCMAKE_INSTALL_PREFIX=/ros2_ws/openarm_ros2/install/openarm
[16.911s] DEBUG:colcon.colcon_core.event_handler.log_command:Invoking command in '/ros2_ws/openarm_ros2/build/openarm': AMENT_PREFIX_PATH=/ros2_ws/openarm_ros2/install/openarm_bringup:/ros2_ws/openarm_ros2/install/openarm_bimanual_moveit_config:/ros2_ws/openarm_ros2/install/openarm_hardware:/ros2_ws/openarm_ros2/install/openarm_description:${AMENT_PREFIX_PATH} CMAKE_PREFIX_PATH=/ros2_ws/openarm_ros2/install/openarm_bringup:/ros2_ws/openarm_ros2/install/openarm_bimanual_moveit_config:/ros2_ws/openarm_ros2/install/openarm_hardware:/ros2_ws/openarm_ros2/install/openarm_description:/opt/ros/humble LD_LIBRARY_PATH=/ros2_ws/openarm_ros2/install/openarm_hardware/lib:${LD_LIBRARY_PATH} /usr/bin/cmake --build /ros2_ws/openarm_ros2/build/openarm -- -j8 -l8
[17.004s] DEBUG:colcon.colcon_core.event_handler.log_command:Invoked command in '/ros2_ws/openarm_ros2/build/openarm' returned '0': AMENT_PREFIX_PATH=/ros2_ws/openarm_ros2/install/openarm_bringup:/ros2_ws/openarm_ros2/install/openarm_bimanual_moveit_config:/ros2_ws/openarm_ros2/install/openarm_hardware:/ros2_ws/openarm_ros2/install/openarm_description:${AMENT_PREFIX_PATH} CMAKE_PREFIX_PATH=/ros2_ws/openarm_ros2/install/openarm_bringup:/ros2_ws/openarm_ros2/install/openarm_bimanual_moveit_config:/ros2_ws/openarm_ros2/install/openarm_hardware:/ros2_ws/openarm_ros2/install/openarm_description:/opt/ros/humble LD_LIBRARY_PATH=/ros2_ws/openarm_ros2/install/openarm_hardware/lib:${LD_LIBRARY_PATH} /usr/bin/cmake --build /ros2_ws/openarm_ros2/build/openarm -- -j8 -l8
[17.008s] DEBUG:colcon.colcon_core.event_handler.log_command:Invoking command in '/ros2_ws/openarm_ros2/build/openarm': AMENT_PREFIX_PATH=/ros2_ws/openarm_ros2/install/openarm_bringup:/ros2_ws/openarm_ros2/install/openarm_bimanual_moveit_config:/ros2_ws/openarm_ros2/install/openarm_hardware:/ros2_ws/openarm_ros2/install/openarm_description:${AMENT_PREFIX_PATH} CMAKE_PREFIX_PATH=/ros2_ws/openarm_ros2/install/openarm_bringup:/ros2_ws/openarm_ros2/install/openarm_bimanual_moveit_config:/ros2_ws/openarm_ros2/install/openarm_hardware:/ros2_ws/openarm_ros2/install/openarm_description:/opt/ros/humble LD_LIBRARY_PATH=/ros2_ws/openarm_ros2/install/openarm_hardware/lib:${LD_LIBRARY_PATH} /usr/bin/cmake --install /ros2_ws/openarm_ros2/build/openarm
[17.329s] Level 1:colcon.colcon_core.environment:create_environment_scripts_only(openarm)
[17.330s] Level 1:colcon.colcon_core.environment:checking '/ros2_ws/openarm_ros2/install/openarm' for CMake module files
[17.331s] DEBUG:colcon.colcon_core.event_handler.log_command:Invoked command in '/ros2_ws/openarm_ros2/build/openarm' returned '0': AMENT_PREFIX_PATH=/ros2_ws/openarm_ros2/install/openarm_bringup:/ros2_ws/openarm_ros2/install/openarm_bimanual_moveit_config:/ros2_ws/openarm_ros2/install/openarm_hardware:/ros2_ws/openarm_ros2/install/openarm_description:${AMENT_PREFIX_PATH} CMAKE_PREFIX_PATH=/ros2_ws/openarm_ros2/install/openarm_bringup:/ros2_ws/openarm_ros2/install/openarm_bimanual_moveit_config:/ros2_ws/openarm_ros2/install/openarm_hardware:/ros2_ws/openarm_ros2/install/openarm_description:/opt/ros/humble LD_LIBRARY_PATH=/ros2_ws/openarm_ros2/install/openarm_hardware/lib:${LD_LIBRARY_PATH} /usr/bin/cmake --install /ros2_ws/openarm_ros2/build/openarm
[17.332s] Level 1:colcon.colcon_core.environment:checking '/ros2_ws/openarm_ros2/install/openarm' for CMake config files
[17.332s] Level 1:colcon.colcon_core.shell:create_environment_hook('openarm', 'cmake_prefix_path')
[17.333s] INFO:colcon.colcon_core.shell:Creating environment hook '/ros2_ws/openarm_ros2/install/openarm/share/openarm/hook/cmake_prefix_path.ps1'
[17.334s] INFO:colcon.colcon_core.shell:Creating environment descriptor '/ros2_ws/openarm_ros2/install/openarm/share/openarm/hook/cmake_prefix_path.dsv'
[17.334s] INFO:colcon.colcon_core.shell:Creating environment hook '/ros2_ws/openarm_ros2/install/openarm/share/openarm/hook/cmake_prefix_path.sh'
[17.335s] Level 1:colcon.colcon_core.environment:checking '/ros2_ws/openarm_ros2/install/openarm/bin'
[17.335s] Level 1:colcon.colcon_core.environment:checking '/ros2_ws/openarm_ros2/install/openarm/lib/pkgconfig/openarm.pc'
[17.336s] Level 1:colcon.colcon_core.environment:checking '/ros2_ws/openarm_ros2/install/openarm/lib/python3.10/site-packages'
[17.336s] Level 1:colcon.colcon_core.environment:checking '/ros2_ws/openarm_ros2/install/openarm/bin'
[17.337s] INFO:colcon.colcon_core.shell:Creating package script '/ros2_ws/openarm_ros2/install/openarm/share/openarm/package.ps1'
[17.337s] INFO:colcon.colcon_core.shell:Creating package descriptor '/ros2_ws/openarm_ros2/install/openarm/share/openarm/package.dsv'
[17.338s] INFO:colcon.colcon_core.shell:Creating package script '/ros2_ws/openarm_ros2/install/openarm/share/openarm/package.sh'
[17.339s] INFO:colcon.colcon_core.shell:Creating package script '/ros2_ws/openarm_ros2/install/openarm/share/openarm/package.bash'
[17.339s] INFO:colcon.colcon_core.shell:Creating package script '/ros2_ws/openarm_ros2/install/openarm/share/openarm/package.zsh'
[17.340s] Level 1:colcon.colcon_core.environment:create_file_with_runtime_dependencies(/ros2_ws/openarm_ros2/install/openarm/share/colcon-core/packages/openarm)
[17.341s] Level 1:colcon.colcon_core.environment:create_environment_scripts_only(openarm)
[17.341s] Level 1:colcon.colcon_core.environment:checking '/ros2_ws/openarm_ros2/install/openarm' for CMake module files
[17.342s] Level 1:colcon.colcon_core.environment:checking '/ros2_ws/openarm_ros2/install/openarm' for CMake config files
[17.342s] Level 1:colcon.colcon_core.shell:create_environment_hook('openarm', 'cmake_prefix_path')
[17.343s] INFO:colcon.colcon_core.shell:Creating environment hook '/ros2_ws/openarm_ros2/install/openarm/share/openarm/hook/cmake_prefix_path.ps1'
[17.343s] INFO:colcon.colcon_core.shell:Creating environment descriptor '/ros2_ws/openarm_ros2/install/openarm/share/openarm/hook/cmake_prefix_path.dsv'
[17.344s] INFO:colcon.colcon_core.shell:Creating environment hook '/ros2_ws/openarm_ros2/install/openarm/share/openarm/hook/cmake_prefix_path.sh'
[17.345s] Level 1:colcon.colcon_core.environment:checking '/ros2_ws/openarm_ros2/install/openarm/bin'
[17.345s] Level 1:colcon.colcon_core.environment:checking '/ros2_ws/openarm_ros2/install/openarm/lib/pkgconfig/openarm.pc'
[17.345s] Level 1:colcon.colcon_core.environment:checking '/ros2_ws/openarm_ros2/install/openarm/lib/python3.10/site-packages'
[17.346s] Level 1:colcon.colcon_core.environment:checking '/ros2_ws/openarm_ros2/install/openarm/bin'
[17.346s] INFO:colcon.colcon_core.shell:Creating package script '/ros2_ws/openarm_ros2/install/openarm/share/openarm/package.ps1'
[17.347s] INFO:colcon.colcon_core.shell:Creating package descriptor '/ros2_ws/openarm_ros2/install/openarm/share/openarm/package.dsv'
[17.348s] INFO:colcon.colcon_core.shell:Creating package script '/ros2_ws/openarm_ros2/install/openarm/share/openarm/package.sh'
[17.349s] INFO:colcon.colcon_core.shell:Creating package script '/ros2_ws/openarm_ros2/install/openarm/share/openarm/package.bash'
[17.349s] INFO:colcon.colcon_core.shell:Creating package script '/ros2_ws/openarm_ros2/install/openarm/share/openarm/package.zsh'
[17.350s] Level 1:colcon.colcon_core.environment:create_file_with_runtime_dependencies(/ros2_ws/openarm_ros2/install/openarm/share/colcon-core/packages/openarm)
[17.350s] DEBUG:colcon.colcon_parallel_executor.executor.parallel:closing loop
[17.351s] DEBUG:colcon.colcon_parallel_executor.executor.parallel:loop closed
[17.351s] DEBUG:colcon.colcon_parallel_executor.executor.parallel:run_until_complete finished with '0'
[17.351s] DEBUG:colcon.colcon_core.event_reactor:joining thread
[17.353s] DEBUG:colcon.colcon_core.event_reactor:joined thread
[17.354s] INFO:colcon.colcon_core.shell:Creating prefix script '/ros2_ws/openarm_ros2/install/local_setup.ps1'
[17.356s] INFO:colcon.colcon_core.shell:Creating prefix util module '/ros2_ws/openarm_ros2/install/_local_setup_util_ps1.py'
[17.358s] INFO:colcon.colcon_core.shell:Creating prefix chain script '/ros2_ws/openarm_ros2/install/setup.ps1'
[17.360s] INFO:colcon.colcon_core.shell:Creating prefix script '/ros2_ws/openarm_ros2/install/local_setup.sh'
[17.361s] INFO:colcon.colcon_core.shell:Creating prefix util module '/ros2_ws/openarm_ros2/install/_local_setup_util_sh.py'
[17.362s] INFO:colcon.colcon_core.shell:Creating prefix chain script '/ros2_ws/openarm_ros2/install/setup.sh'
[17.364s] INFO:colcon.colcon_core.shell:Creating prefix script '/ros2_ws/openarm_ros2/install/local_setup.bash'
[17.365s] INFO:colcon.colcon_core.shell:Creating prefix chain script '/ros2_ws/openarm_ros2/install/setup.bash'
[17.366s] INFO:colcon.colcon_core.shell:Creating prefix script '/ros2_ws/openarm_ros2/install/local_setup.zsh'
[17.367s] INFO:colcon.colcon_core.shell:Creating prefix chain script '/ros2_ws/openarm_ros2/install/setup.zsh'
